As as ADP O O
we -PRON- PRON O O
departed depart VERB O O
into into ADP O O
India india PROPN O O
and and CCONJ O O
the the DET O O
real real ADJ O O
world world NOUN O O
, , PUNCT O O
this this DET O O
intoxicated intoxicated ADJ O O
visitor visitor NOUN O O
felt feel VERB O O
that that ADP O O
it -PRON- PRON O O
had have VERB O O
been be VERB O O
a a DET O O
' ' PUNCT O O
Rhododendron rhododendron PROPN B-lat_genus B-lat_genus
Trek trek PROPN O O
' ' PUNCT O O
indeed indeed ADV O O
and and CCONJ O O
, , PUNCT O O
quite quite ADV O O
apart apart ADV O O
from from ADP O O
the the DET O O
wondrous wondrous ADJ O O
plants plant NOUN O O
, , PUNCT O O
he -PRON- PRON O O
will will VERB O O
remember remember VERB O O
Bhutan bhutan PROPN O O
as as ADP O O
an an DET O O
unspoilt unspoilt ADJ O O
Shangri shangri PROPN O O
La la PROPN O O
with with ADP O O
ravishing ravishing ADJ O O
landscape landscape NOUN O O
, , PUNCT O O
beautiful beautiful ADJ O O
buildings building NOUN O O
, , PUNCT O O
no no DET O O
beggars beggar NOUN O O
and and CCONJ O O
simple simple ADJ O O
, , PUNCT O O
gentle gentle ADJ O O
and and CCONJ O O
cheerful cheerful ADJ O O
people people NOUN O O
. . PUNCT O O

On on ADP O O
the the DET O O
limestone limestone NOUN O O
screes scree NOUN O O
, , PUNCT O O
often often ADV O O
in in ADP O O
the the DET O O
shelter shelter NOUN O O
of of ADP O O
boulders boulder NOUN O O
, , PUNCT O O
grow grow VERB O O
dwarf dwarf ADJ B-en_species O
willows willow NOUN I-en_species O
, , PUNCT O O
Delavay delavay PROPN B-en_species O
's 's PART I-en_species O
Fritillary fritillary PROPN I-en_species O
Fritillaria fritillaria PROPN B-lat_species B-lat_species
delavayi delavayi NOUN I-lat_species I-lat_species
, , PUNCT O O
Rhododendron rhododendron PROPN B-lat_species B-lat_species
telmateium telmateium NOUN I-lat_species I-lat_species
, , PUNCT O O
and and CCONJ O O
cushion cushion NOUN B-en_species O
saxifrages saxifrage NOUN O O
, , PUNCT O O
the the DET O O
finest fine ADJ O O
of of ADP O O
which which ADJ O O
is be VERB O O
Saxifraga saxifraga NOUN B-lat_species B-lat_species
calcicola calcicola NOUN I-lat_species I-lat_species
. . PUNCT O O

A a DET O O
yellow yellow ADJ O O
starry starry NOUN O B-en_species
- - PUNCT O I-en_species
flowered flower VERB O I-en_species
Clematis clematis PROPN B-lat_genus I-en_species
( ( PUNCT O O
C. c. PROPN B-lat_species O
hilariae hilariae PROPN I-lat_species O
) ) PUNCT O O
formed form VERB O O
tumbled tumble VERB O O
entanglements entanglement NOUN O O
along along ADP O O
field field NOUN O O
boundaries boundary NOUN O O
. . PUNCT O O

There there ADV O O
are be VERB O O
two two NUM O O
dominant dominant ADJ O O
species specie NOUN O O
of of ADP O O
tree tree NOUN O O
, , PUNCT O O
lower low ADJ O O
down down ADP O O
the the DET O O
evergreen evergreen ADJ O O
Nothofagus nothofagus PROPN B-lat_species B-lat_species
betuloides betuloide NOUN I-lat_species I-lat_species
and and CCONJ O O
higher high ADJ O O
up up ADV O O
, , PUNCT O O
the the DET O O
deciduous deciduous ADJ O O
TV tv NOUN O O
! ! PUNCT O O

Ewing ewing NOUN O O
and and CCONJ O O
Trees trees PROPN O O
named name VERB O O
their -PRON- ADJ O O
Grade grade PROPN O O
III iii PROPN O O
gully gully ADV O O
Taxus taxus PROPN B-lat_genus B-lat_genus
, , PUNCT O O
obviously obviously ADV O O
having have VERB O O
read read VERB O O
the the DET O O
account account NOUN O O
by by ADP O O
Thomson thomson PROPN O O
of of ADP O O
the the DET O O
0000 0000 NUM O O
examination examination NOUN O O
. . PUNCT O O

He -PRON- PRON O O
produced produce VERB O O
an an DET O O
album album NOUN O O
, , PUNCT O O
little little ADJ O O
known know VERB O O
today today NOUN O O
, , PUNCT O O
called call VERB O O
Flora flora PROPN O O
of of ADP O O
Chamouni chamouni PROPN O O
0000 0000 NUM O O
, , PUNCT O O
each each DET O O
page page NOUN O O
containing contain VERB O O
detailed detailed ADJ O O
notes note NOUN O O
and and CCONJ O O
observations observation NOUN O O
on on ADP O O
Alpine alpine PROPN O O
flora flora NOUN O O
, , PUNCT O O
such such ADJ O O
as as ADP O O
, , PUNCT O O
for for ADP O O
example example NOUN O O
, , PUNCT O O
the the DET O O
Gentiana gentiana PROPN B-lat_genus B-lat_species
Alpina alpina PROPN O I-lat_species
, , PUNCT O O
with with ADP O O
the the DET O O
actual actual ADJ O O
dried dry VERB O O
flower flower NOUN O O
on on ADP O O
the the DET O O
opposite opposite ADJ O O
page.00 page.00 PROPN O O
Ruskin ruskin PROPN O O
also also ADV O O
amassed amass VERB O O
an an DET O O
important important ADJ O O
collection collection NOUN O O
of of ADP O O
minerals mineral NOUN O O
and and CCONJ O O
geological geological ADJ O O
specimens specimen NOUN O O
, , PUNCT O O
many many ADJ O O
of of ADP O O
which which ADJ O O
can can VERB O O
be be VERB O O
seen see VERB O O
today today NOUN O O
in in ADP O O
the the DET O O
Ruskin ruskin PROPN O O
Museum museum PROPN O O
, , PUNCT O O
Coniston coniston PROPN O O
. . PUNCT O O

We -PRON- PRON O O
walked walk VERB O O
and and CCONJ O O
scrambled scramble VERB O O
up up PART O O
a a DET O O
series series NOUN O O
of of ADP O O
vegetated vegetate VERB O O
ledges ledge NOUN B-en_species O
covered cover VERB O O
with with ADP O O
strange strange ADJ O O
Martian martian PROPN O O
- - PUNCT O O
looking look VERB O O
plants plant NOUN O O
, , PUNCT O O
their -PRON- ADJ O O
purple purple ADJ O O
flowers flower NOUN O O
( ( PUNCT O O
Saussurea saussurea PROPN B-lat_species B-lat_species
simpsoniana simpsoniana PROPN I-lat_species I-lat_species
) ) PUNCT O O
festooned festoon VERB O O
with with ADP O O
what what NOUN O O
looked look VERB O O
like like ADP O O
thick thick ADJ O O
cobwebs cobwebs NOUN O O
. . PUNCT O O

Common common ADJ O O
meadow meadow NOUN O O
plants plant NOUN O O
here here ADV O O
were be VERB O O
a a DET O O
pasque pasque ADJ B-en_species B-en_species
- - PUNCT I-en_species I-en_species
flower flower NOUN I-en_species I-en_species
( ( PUNCT O O
Pulsatilla pulsatilla PROPN B-lat_species B-lat_species
albana albana NOUN I-lat_species I-lat_species
) ) PUNCT O O
in in ADP O O
fruit fruit NOUN O O
with with ADP O O
feathery feathery ADJ O O
seedheads seedhead NOUN O O
and and CCONJ O O
growing grow VERB O O
in in ADP O O
similar similar ADJ O O
places place NOUN O O
to to ADP O O
the the DET O O
closely closely ADV O O
related related ADJ O O
species specie NOUN O O
found find VERB O O
in in ADP O O
the the DET O O
European european ADJ O O
mountains mountain NOUN O O
, , PUNCT O O
a a DET O O
small small ADJ O O
, , PUNCT O O
yellow yellow ADJ O O
- - PUNCT O O
flowered flower VERB O O
, , PUNCT O O
whitlow whitlow ADJ B-en_species O
grass grass NOUN I-en_species O
( ( PUNCT O O
Draba draba PROPN B-lat_species B-lat_species
oreades oread VERB I-lat_species I-lat_species
) ) PUNCT O O
not not ADV O O
previously previously ADV O O
recorded record VERB O O
from from ADP O O
Afghanistan afghanistan PROPN O O
and and CCONJ O O
yellow yellow ADJ O O
or or CCONJ O O
orange orange ADJ B-en_species O
poppies poppy NOUN O O
( ( PUNCT O O
Papaver papaver PROPN B-lat_genus B-lat_species
involucrata involucrata NOUN O I-lat_species
) ) PUNCT O O
almost almost ADV O O
too too ADV O O
delicate delicate ADJ O O
for for ADP O O
such such ADJ O O
an an DET O O
exposed expose VERB O O
place place NOUN O O
. . PUNCT O O

In in ADP O O
the the DET O O
Cirque cirque PROPN O O
of of ADP O O
the the DET O O
Unclimbables unclimbables PROPN O O
Kevin kevin PROPN O O
Jones jones PROPN O O
and and CCONJ O O
Bryan bryan PROPN O O
Palminiter palminiter PROPN O O
attempted attempt VERB O O
a a DET O O
new new ADJ O O
line line NOUN O O
on on ADP O O
the the DET O O
unnamed unnamed ADJ O O
spire spire NOUN B-en_species O
right right NOUN O O
of of ADP O O
the the DET O O
Lotus lotus PROPN B-lat_genus B-lat_genus
Flower flower PROPN O O
Tower tower PROPN O O
( ( PUNCT O O
which which ADJ O O
could could VERB O O
also also ADV O O
be be VERB O O
considered consider VERB O O
to to PART O O
be be VERB O O
the the DET O O
NW nw PROPN O O
buttress buttress NOUN O O
of of ADP O O
the the DET O O
Lotus lotus PROPN B-lat_genus B-lat_species
Flower flower PROPN O I-lat_species
) ) PUNCT O O
. . PUNCT O O

' ' PUNCT O O
Paeonia paeonia PROPN B-lat_species B-lat_species
delavayi delavayi NOUN I-lat_species I-lat_species
sp. sp NOUN I-lat_species I-lat_species
nov nov X O O
[ [ PUNCT O O
new new ADJ O O
species specie NOUN O O
] ] PUNCT O O
0,000 0,000 NUM O O
metres metre NOUN O O
Li li PROPN O O
- - PUNCT O O
kiang kiang VERB O O
0/0/00 0/0/00 NOUN O O
Delavay delavay PROPN O O
No no NOUN O O
. . PUNCT O O
0000 0000 NUM O O

This this DET O O
year year NOUN O O
has have VERB O O
seen see VERB O O
the the DET O O
first first ADJ O O
face face NOUN O O
route route NOUN O O
on on ADP O O
the the DET O O
tower tower NOUN O O
left leave VERB O O
of of ADP O O
Lotus lotus PROPN B-lat_genus B-lat_species
Flower flower PROPN O I-lat_species
; ; PUNCT O O

sheets sheet NOUN O O
of of ADP O O
the the DET O O
Mont mont PROPN O O
Cenis cenis PROPN O B-en_species
bellflower bellflower NOUN B-en_species I-en_species
( ( PUNCT O O
Campanula campanula NOUN B-lat_species B-lat_species
cenisia cenisia NOUN I-lat_species I-lat_species
) ) PUNCT O O
, , PUNCT O O
of of ADP O O
the the DET O O
palest palest ADJ O O
blue blue ADJ O O
imaginable imaginable ADJ O O
, , PUNCT O O
covering cover VERB O O
high high ADJ O O
screes scree NOUN O O
in in ADP O O
the the DET O O
Graian graian PROPN O O
Alps alps PROPN O O
where where ADV O O
nothing nothing NOUN O O
else else ADV O O
would would VERB O O
grow grow VERB O O
. . PUNCT O O

0 0 PUNCT O O
Banning ban VERB O O
the the DET O O
harvesting harvesting NOUN O O
of of ADP O O
all all DET O O
shrub shrub NOUN O O
juniper juniper NOUN B-en_species O
and and CCONJ O O
alpine alpine VERB O O
plants plant NOUN O O
( ( PUNCT O O
eg eg PROPN O O
Arenaria arenaria PROPN B-lat_species B-lat_species
sp. sp NOUN I-lat_species I-lat_species
) ) PUNCT O O
for for ADP O O
fuelwood fuelwood NOUN O O
, , PUNCT O O
agricultural agricultural ADJ O O
purposes purpose NOUN O O
and and CCONJ O O
incense incense NOUN B-en_species O
throughout throughout ADP O O
the the DET O O
Imja imja PROPN O O
Khola khola PROPN O O
valley valley PROPN O O
( ( PUNCT O O
the the DET O O
equivalent equivalent NOUN O O
of of ADP O O
0000 0000 NUM O O
doko doko NOUN O O
( ( PUNCT O O
baskets basket NOUN O O
) ) PUNCT O O
, , PUNCT O O
or or CCONJ O O
00,000 00,000 NUM O O
kg kg NOUN O O
of of ADP O O
wood wood NOUN O O
saved save VERB O O
for for ADP O O
0000 0000 NUM O O
alone alone ADV O O
) ) PUNCT O O
. . PUNCT O O

These these DET O O
include include VERB O O
a a DET O O
small small ADJ O O
blue blue ADJ O O
and and CCONJ O O
white white ADJ O O
species specie NOUN O O
of of ADP O O
columbine columbine NOUN B-en_species O
( ( PUNCT O O
Aquilegia aquilegia NOUN B-lat_species B-lat_genus
discolor discolor NOUN I-lat_species O
) ) PUNCT O O
, , PUNCT O O
a a DET O O
houseleek houseleek NOUN B-en_species O
( ( PUNCT O O
Sempervivum sempervivum ADJ B-lat_species B-lat_species
cantabricum cantabricum NOUN I-lat_species I-lat_species
) ) PUNCT O O
, , PUNCT O O
a a DET O O
milkwort milkwort NOUN B-en_species O
( ( PUNCT O O
Polygala polygala PROPN B-lat_genus B-lat_species
edmundii edmundii NOUN O I-lat_species
) ) PUNCT O O
, , PUNCT O O
and and CCONJ O O
a a DET O O
low low ADV O O
- - PUNCT O O
growing grow VERB O O
toadflax toadflax NOUN B-en_species B-en_species
{ { PUNCT O O
Linaria linaria PROPN B-lat_species B-lat_species
faucicola faucicola PROPN I-lat_species I-lat_species
) ) PUNCT O O
, , PUNCT O O
among among ADP O O
others other NOUN O O
. . PUNCT O O

The the DET O O
section section NOUN O O
covering cover VERB O O
0000 0000 NUM O O
- - SYM O O
0000 0000 NUM O O
is be VERB O O
titled title VERB O O
' ' PUNCT O O
Canada canada PROPN O O
drifts drift VERB O O
from from ADP O O
the the DET O O
mainstream mainstream NOUN O O
of of ADP O O
world world NOUN O O
mountaineering mountaineering NOUN O O
' ' PUNCT O O
, , PUNCT O O
but but CCONJ O O
it -PRON- PRON O O
contains contain VERB O O
such such ADJ O O
stories story NOUN O O
as as ADP O O
that that DET O O
of of ADP O O
the the DET O O
Mundays mundays PROPN O O
, , PUNCT O O
Don don PROPN O O
and and CCONJ O O
Phyllis phyllis PROPN B-lat_genus O
, , PUNCT O O
who who NOUN O O
carried carry VERB O O
000b 000b NUM O O
loads load NOUN O O
for for ADP O O
00 00 NUM O O
days day NOUN O O
of of ADP O O
bushwacking bushwacking NOUN O O
in in ADP O O
search search NOUN O O
of of ADP O O
Mount mount PROPN O O
Waddington waddington PROPN O O
, , PUNCT O O
felling fell VERB O O
trees tree NOUN O O
to to PART O O
cross cross VERB O O
glacial glacial ADJ O O
torrents torrent NOUN O O
( ( PUNCT O O
photo photo NOUN O O
page page NOUN O O
000 000 NUM O O
) ) PUNCT O O
. . PUNCT O O

00 00 NUM O O
We -PRON- PRON O O
found find VERB O O
a a DET O O
small small ADJ O O
group group NOUN O O
of of ADP O O
Mountain mountain PROPN B-en_species O
Cabbage cabbage NOUN I-en_species O
trees tree NOUN O O
{ { PUNCT O O
Cordyline cordyline NOUN B-lat_species B-lat_species
indivisa indivisa ADJ I-lat_species I-lat_species
) ) PUNCT O O
growing grow VERB O O
on on ADP O O
the the DET O O
ridge ridge NOUN O O
above above ADP O O
the the DET O O
tree tree NOUN O O
line line NOUN O O
. . PUNCT O O

The the DET O O
most most ADV O O
conspicuous conspicuous ADJ O O
plants plant NOUN O O
found find VERB O O
amongst amongst ADP O O
the the DET O O
thick thick ADJ O O
growth growth NOUN O O
of of ADP O O
sedges sedge NOUN B-en_species O
were be VERB O O
the the DET O O
yellowish yellowish NOUN O O
edelweiss edelweiss ADV B-en_species O
previously previously ADV O O
noted note VERB O O
, , PUNCT O O
a a DET O O
small small ADJ O O
yellow yellow ADJ O O
dandelion dandelion NOUN B-en_species B-en_species
{ { PUNCT O O
Taraxacum taraxacum PROPN B-lat_species O
leucanthuni leucanthuni NOUN I-lat_species O
) ) PUNCT O O
, , PUNCT O O
a a DET O O
widespread widespread ADJ O O
starry starry ADJ O O
white white NOUN B-en_species O
- - PUNCT I-en_species O
flowered flower VERB I-en_species B-en_species
mouse mouse NOUN I-en_species I-en_species
- - PUNCT I-en_species O
ear ear NOUN I-en_species O
( ( PUNCT O O
Cerastium cerastium PROPN B-lat_species B-lat_species
trigynum trigynum NOUN I-lat_species I-lat_species
) ) PUNCT O O
, , PUNCT O O
a a DET O O
rather rather ADV O O
elegant elegant ADJ O O
gentian gentian NOUN B-en_species B-en_species
( ( PUNCT O O
G. g. PROPN B-lat_species B-lat_species
stricta stricta NOUN I-lat_species I-lat_species
) ) PUNCT O O
000 000 NUM O O
mm mm NOUN O O
tall tall ADJ O O
and and CCONJ O O
the the DET O O
related related ADJ O O
Lomatogonium lomatogonium PROPN B-lat_species B-lat_species
carinthiacum carinthiacum NOUN I-lat_species I-lat_species
, , PUNCT O O
a a DET O O
long long ADJ O O
name name NOUN O O
for for ADP O O
a a DET O O
small small ADJ O O
plant plant NOUN O O
with with ADP O O
pretty pretty ADV O O
pale pale ADJ O O
blue blue ADJ O O
flowers flower NOUN O O
. . PUNCT O O

They -PRON- PRON O O
also also ADV O O
ascended ascend VERB O O
Lotus lotus PROPN B-lat_genus B-lat_species
Flower flower PROPN O I-lat_species
Tower tower PROPN O O
. . PUNCT O O

greater great ADJ O O
yellow yellow ADJ B-en_species O
rattle rattle NOUN I-en_species O
( ( PUNCT O O
Rhinanthus rhinanthus ADJ B-lat_species B-lat_species
serotinus serotinus NOUN I-lat_species I-lat_species
) ) PUNCT O O
, , PUNCT O O
round round ADV B-en_species O
- - PUNCT I-en_species O
headed head VERB I-en_species O
leeks leek NOUN I-en_species B-en_species
( ( PUNCT O O
Allium allium PROPN B-lat_species B-lat_species
sphaerocephalum sphaerocephalum NOUN I-lat_species I-lat_species
) ) PUNCT O O
, , PUNCT O O
martagon martagon NOUN B-en_species B-en_species
lilies lily NOUN I-en_species I-en_species
( ( PUNCT O O
Lilium lilium PROPN B-lat_species B-lat_species
martagon martagon NOUN I-lat_species I-lat_species
) ) PUNCT O O
, , PUNCT O O
burnt burn VERB B-en_species O
- - PUNCT I-en_species O
tip tip NOUN I-en_species O
orchids orchid NOUN I-en_species B-en_species
( ( PUNCT O O
Orchis orchis DET B-lat_species B-lat_species
ustulata ustulata NOUN I-lat_species I-lat_species
) ) PUNCT O O
and and CCONJ O O
globe globe NOUN B-en_species O
flowers flower NOUN I-en_species O
( ( PUNCT O O
Trollius trollius PROPN B-lat_species B-lat_species
europaeus europaeus NOUN I-lat_species I-lat_species
) ) PUNCT O O
( ( PUNCT O O
Plate plate NOUN O O
00 00 NUM O O
) ) PUNCT O O
in in ADP O O
an an DET O O
almost almost ADV O O
endless endless ADJ O O
array array NOUN O O
. . PUNCT O O

Most most ADV O O
memorable memorable ADJ O O
was be VERB O O
the the DET O O
carpet carpet NOUN O O
of of ADP O O
Crocus crocus PROPN B-lat_genus B-lat_species
Sieberi sieberi PROPN O I-lat_species
that that ADJ O O
grew grow VERB O O
so so ADV O O
thick thick ADJ O O
amidst amidst ADP O O
the the DET O O
tussock tussock NOUN B-en_species O
grass grass NOUN I-en_species O
of of ADP O O
the the DET O O
upper upper ADJ O O
pastures pasture NOUN O O
that that ADP O O
it -PRON- PRON O O
was be VERB O O
impossible impossible ADJ O O
to to PART O O
avoid avoid VERB O O
treading tread VERB O O
its -PRON- ADJ O O
flowers flower NOUN O O
underfoot underfoot NOUN O O
. . PUNCT O O

The the DET O O
plant plant NOUN O O
for for ADP O O
which which ADJ O O
he -PRON- PRON O O
is be VERB O O
best best ADV O O
known know VERB O O
is be VERB O O
the the DET O O
Himalayan himalayan PROPN B-en_species O
blue blue NOUN I-en_species O
poppy poppy ADJ I-en_species B-en_species
, , PUNCT O O
Meconopsis meconopsis NOUN B-lat_species B-lat_species
baileyi baileyi NOUN I-lat_species I-lat_species
, , PUNCT O O
originally originally ADV O O
named name VERB O O
in in ADP O O
honour honour NOUN O O
of of ADP O O
Colonel colonel PROPN O O
F f PROPN O O
M m PROPN O O
Bailey bailey PROPN O O
who who NOUN O O
with with ADP O O
Morshead morshead PROPN O O
confirmed confirm VERB O O
that that ADP O O
the the DET O O
Tsangpo tsangpo PROPN O O
and and CCONJ O O
Dihang dihang PROPN O O
were be VERB O O
the the DET O O
same same ADJ O O
river river NOUN O O
. . PUNCT O O

at at ADP O O
the the DET O O
head head NOUN O O
of of ADP O O
the the DET O O
lake lake NOUN O O
, , PUNCT O O
beyond beyond ADP O O
Narcissus narcissus PROPN B-lat_genus B-lat_genus
Bay bay PROPN O O
and and CCONJ O O
dotted dot VERB O O
about about ADP O O
the the DET O O
Du du PROPN O O
Cane cane PROPN O O
range range NOUN O O
were be VERB O O
the the DET O O
Parthenon parthenon PROPN O O
, , PUNCT O O
Acropolis acropolis PROPN O O
, , PUNCT O O
Geryon geryon PROPN O O
, , PUNCT O O
Hyperion hyperion PROPN O O
and and CCONJ O O
Eros eros PROPN O O
. . PUNCT O O

September september PROPN O O
0000-January 0000-january NUM O O
0000 0000 NUM O O
The the DET O O
Podocarpus podocarpus PROPN B-lat_genus B-lat_genus
National national PROPN O O
Park park PROPN O O
includes include VERB O O
the the DET O O
last last ADJ O O
substantial substantial ADJ O O
area area NOUN O O
of of ADP O O
high high ADJ O O
- - PUNCT O O
altitude altitude NOUN O O
montane montane NOUN O O
forest forest NOUN O O
left leave VERB O O
in in ADP O O
the the DET O O
Andes andes PROPN O O
of of ADP O O
southern southern ADJ O O
Ecuador ecuador PROPN O O
, , PUNCT O O
and and CCONJ O O
as as ADP O O
such such ADJ O O
contains contain VERB O O
a a DET O O
number number NOUN O O
of of ADP O O
threatened threaten VERB O O
species specie NOUN O O
of of ADP O O
flora flora NOUN O O
and and CCONJ O O
fauna fauna NOUN O O
. . PUNCT O O

Fruit fruit NOUN O O
and and CCONJ O O
herbs herb NOUN O O
that that ADJ O O
grew grow VERB O O
naturally naturally ADV O O
in in ADP O O
Borrowdale borrowdale PROPN O O
rounded round VERB O O
off off PART O O
an an DET O O
austere austere ADJ O O
but but CCONJ O O
healthy healthy ADJ O O
diet diet NOUN O O
prepared prepare VERB O O
over over ADP O O
an an DET O O
open open ADJ O O
fire fire NOUN O O
, , PUNCT O O
a a DET O O
Woodbine woodbine PROPN B-en_species O
clasped clasp VERB O O
between between ADP O O
his -PRON- ADJ O O
toes toe NOUN B-en_species O
to to PART O O
prevent prevent VERB O O
ash ash NOUN O O
falling fall VERB O O
into into ADP O O
his -PRON- ADJ O O
food food NOUN O O
. . PUNCT O O

Vol vol PROPN O O
00 00 NUM O O
of of ADP O O
the the DET O O
, , PUNCT O O
0/(0000)contains 0/(0000)contains NUM O O
an an DET O O
article article NOUN O O
by by ADP O O
Rosemary rosemary PROPN B-en_species O
setting set VERB O O
out out PART O O
the the DET O O
relationships relationship NOUN O O
and and CCONJ O O
climbing climb VERB O O
achievements achievement NOUN O O
of of ADP O O
her -PRON- ADJ O O
convoluted convoluted ADJ O O
Quaker quaker PROPN O O
family family NOUN O B-en_species
, , PUNCT O O
together together ADV O O
with with ADP O O
a a DET O O
family family NOUN O O
tree tree NOUN O O
. . PUNCT O O

Other other ADJ O O
species specie NOUN O O
in in ADP O O
this this DET O O
association association NOUN O O
were be VERB O O
two two NUM O O
small small ADJ O O
gentians gentian NOUN B-en_species B-en_species
( ( PUNCT O O
Gentiana gentiana PROPN B-lat_species B-lat_species
falcata falcata NOUN I-lat_species I-lat_species
and and CCONJ O O
G. g. PROPN O O
minutissimd minutissimd NOUN O O
) ) PUNCT O O
both both CCONJ O O
opening opening NOUN O O
in in ADP O O
the the DET O O
bright bright ADJ O O
sunshine sunshine NOUN O O
, , PUNCT O O
and and CCONJ O O
a a DET O O
starry starry ADJ O O
white white ADJ O O
and and CCONJ O O
pink pink ADJ O O
felwort felwort NOUN B-en_species B-en_species
( ( PUNCT O O
Swertia swertia PROPN B-lat_species B-lat_species
marginata marginata NOUN I-lat_species I-lat_species
) ) PUNCT O O
not not ADV O O
previously previously ADV O O
seen see VERB O O
and and CCONJ O O
making make VERB O O
small small ADJ O O
clumps clump NOUN O O
000 000 NUM O O
- - SYM O O
000 000 NUM O O
mm mm NOUN O O
tall tall ADJ O O
. . PUNCT O O

Martin martin PROPN O O
Wragg wragg PROPN O O
, , PUNCT O O
Lotus lotus PROPN B-lat_genus B-lat_genus
Flower flower PROPN O O
Tower tower PROPN O O
00 00 NUM O O
MayAlpine mayalpine PROPN O O
Ski ski PROPN O O
Club club PROPN O O
meeting meeting NOUN O O
00 00 NUM O O
MayInformal mayinformal PROPN O O
Meeting meeting NOUN O O
: : PUNCT O O

Higher high ADJ O O
still still ADV O O
in in ADP O O
the the DET O O
north north NOUN O O
- - PUNCT O O
facing face VERB O O
base base NOUN O O
- - PUNCT O O
rich rich ADJ O O
wetter wetter NOUN O O
flushes flush VERB O O
the the DET O O
seemingly seemingly ADV O O
uncultivatable uncultivatable ADJ O O
Primula primula PROPN B-lat_species B-lat_species
dryadifolia dryadifolia NOUN I-lat_species I-lat_species
shows show VERB O O
its -PRON- ADJ O O
mauve mauve NOUN O O
- - PUNCT O O
pink pink ADJ O O
flowers flower NOUN O O
against against ADP O O
broad broad ADJ O O
prostrate prostrate ADJ O O
mats mat NOUN O O
of of ADP O O
foliage foliage NOUN O O
( ( PUNCT O O
00 00 NUM O O
cm cm NOUN O O
across across PART O O
) ) PUNCT O O
, , PUNCT O O
accompanied accompany VERB O O
by by ADP O O
three three NUM O O
' ' PUNCT O O
sisters sister NOUN O O
' ' PUNCT O O
of of ADP O O
the the DET O O
same same ADJ O O
genus genus NOUN O O
, , PUNCT O O
Primula primula PROPN B-lat_species B-lat_species
pinnatifida pinnatifida NOUN I-lat_species I-lat_species
, , PUNCT O O
P p NOUN O O
secundiflora secundiflora NOUN O O
and and CCONJ O O
P p NOUN O O
pseudo pseudo NOUN O O
- - PUNCT O O
sikkimensis sikkimensis NOUN O O
. . PUNCT O O

In in ADP O O
0000 0000 NUM O O
he -PRON- PRON O O
was be VERB O O
in in ADP O O
the the DET O O
Langtang langtang PROPN O O
valley valley PROPN O O
with with ADP O O
Oleg oleg PROPN O O
Polunin polunin PROPN O O
, , PUNCT O O
the the DET O O
botanist botanist NOUN O O
who who NOUN O O
produced produce VERB O O
an an DET O O
excellent excellent ADJ O O
book book NOUN O O
on on ADP O O
Himalayan himalayan ADJ O O
plants plant NOUN O O
, , PUNCT O O
although although ADP O O
it -PRON- PRON O O
makes make VERB O O
no no DET O O
reference reference NOUN O O
to to ADP O O
000 000 NUM O O
Gentiana gentiana PROPN B-lat_genus B-lat_species
tilmanii tilmanii NOUN O I-lat_species
. . PUNCT O O

Argentina argentina PROPN O O
In in ADP O O
Salta salta PROPN B-lat_genus O
province province NOUN O O
, , PUNCT O O
a a DET O O
strong strong ADJ O O
group group NOUN O O
of of ADP O O
mountaineers mountaineer NOUN O O
and and CCONJ O O
archaeologists archaeologist NOUN O O
under under ADP O O
Antonio antonio PROPN O O
Beorchia beorchia PROPN O O
ascended ascend VERB O O
Quehuar quehuar PROPN O O
( ( PUNCT O O
0000 0000 NUM O O
m m NOUN O O
) ) PUNCT O O
, , PUNCT O O
to to PART O O
continue continue VERB O O
excavations excavation NOUN O O
that that ADP O O
Argentinian argentinian ADJ O O
groups group NOUN O O
had have VERB O O
begun begin VERB O O
in in ADP O O
0000 0000 NUM O O
. . PUNCT O O

Other other ADJ O O
plants plant NOUN O O
found find VERB O O
also also ADV O O
in in ADP O O
Ireland ireland PROPN O O
include include VERB O O
large large ADJ O O
butterwort butterwort NOUN B-en_species B-en_species
( ( PUNCT O O
Pinguicula pinguicula NOUN B-lat_species B-lat_species
grandiflora grandiflora NOUN I-lat_species I-lat_species
) ) PUNCT O O
and and CCONJ O O
St st PROPN O O
Dabeoc dabeoc PROPN O O
's 's PART O O
heath heath NOUN O O
( ( PUNCT O O
Daboecia daboecia PROPN B-lat_species B-lat_species
cantabrica cantabrica PROPN I-lat_species I-lat_species
) ) PUNCT O O
. . PUNCT O O
