Von von APPR O O
den die ART O O
Stauden Staude NN O O
zeichnet zeichnen VVFIN O O
sich sich PRF O O
die die ART O O
Haselstaude <unknown> NN O B-de_species
, , $, O O
verschiedene verschieden ADJA O O
Dornarten <unknown> NN O O
, , $, O O
der die ART O O
wilde wild ADJA O O
Holder Holde NN B-de_species O
und und KON O O
die die ART O O
Schwarz Schwarz NE O O
Erle Erle NN B-de_species B-de_species
etc. etc. ADV O O
, , $, O O
sonst sonst ADV O O
wenig wenige PIAT O O
andere andere PIS O O
aus aus APPR O O

Als als KOKOM O O
Frühblüher <unknown> NN O O
wird werden VAFIN O O
dem die ART O O
Lungenkraut <unknown> NN B-de_species B-de_species
eine eine ART O O
Heilkraft Heilkraft NN O O
gegen gegen APPR O O
katarrhalische <unknown> ADJA O O
Entzündungen Entzündung NN O O
der die ART O O
Luftwege Luftweg NN O O
zugeschrieben zuschreiben VVPP O O
. . $. O O

Er er PPER O O
würde werden VAFIN O O
aber aber ADV O O
auch auch ADV O O
wenig wenige PIAT O O
Nutzen Nutzen NN O O
bringen bringen VVINF O O
, , $, O O
wenn wenn KOUS O O
er er PPER O O
auch auch ADV O O
vielfältig vielfältig ADJD O O
verpflanzt verpflanzen VVPP O O
wurde werden VAFIN O O
, , $, O O
denn denn KON O O
der die ART O O
Gewinn Gewinn NN O O
wurde werden VAFIN O O
wegen wegen APPR O O
Geflügel- Geflügel- TRUNC O O
und und KON O O
Menschenraub Menschenraub NN O O
sehr sehr ADV O O
gering gering ADJD O O
seyn <unknown> ADJD O O
. . $. O O

Als als KOKOM O O
Schnäisel <unknown> NN B-de_species O
bezeichnet bezeichnen VVFIN O O
man man PIS O O
im in APPRART O O
ZO <unknown> NN O O
abgeschnittene abgeschnitten ADJA O O
Tannenzweige Tannenzweig NN O O
, , $, O O
die die PRELS O O
als als KOKOM O O
Streue <unknown> NN O O
verwendet verwenden VVPP O O
werden werden VAFIN O O
. . $. O O

Unter unter APPR O O
den die ART O O
Kulturpflanzen Kulturpflanze NN O B-de_species
, , $, O O
die die PRELS O O
seit seit APPR O O
vielen viele PIAT O O
Jahrhunderten Jahrhundert NN O O
in in APPR O O
unserm unser PPOSAT O O
Kanton Kanton NN O O
eine eine ART O O
besonders besonders ADV O O
bedeutende bedeutend ADJA O O
Rolle Rolle NN O O
spielten spielen VVFIN O O
, , $, O O
steht stehen VVFIN O O
die die ART O O
Weinrebe Weinrebe NN B-de_species O
an an APPR O O
einer eine PIS O O
der die ART O O
vordersten vorder ADJA O O
Stellen Stelle|Stellen NN O O
. . $. O O

Ich ich PPER O O
bereiste bereisen VVFIN O O
dieses dies PDAT O O
Thal <unknown> NE O O
öfters öfters ADV O B-de_species
, , $, O O
allein allein ADV O O
weil weil KOUS O O
mein mein PPOSAT O O
Gegenstand Gegenstand NN O O
nur nur ADV O O
auf auf APPR O O
die die ART O O
Geographie Geographie NN O O
und und KON O O
Mineralogie Mineralogie NN O O
zielte zielen VVFIN O O
und und KON O O
ich ich PPER O O
dortmals <unknown> ADV O O
nur nur ADV O O
ein eine ART O O
kenntloser <unknown> ADJA O O
Anfänger Anfänger NN O O
in in APPR O O
der die ART O O
Botanik Botanik NN O O
war sein VAFIN O O
, , $, O O
achtete achten VVFIN O O
ich ich PPER O O
die die ART O O
Pflanzen Pflanze|Pflanzen NN O O
wenig wenige PIS O O
. . $. O O

Unter unter APPR O O
dem die ART O O
Nadelholz Nadelholz NN O B-de_species
zeichnet zeichnen VVFIN O O
sich sich PRF O O
die die ART O O
Roththanne <unknown> NN B-de_species O
aus aus PTKVZ O O
, , $, O O
und und KON O O
diese diese PDS O O
ist sein VAFIN O O
beynache <unknown> ADJD O O
auch auch ADV O O
die die ART O O
einzige einzig ADJA O O
, , $, O O
welche welche PRELS O O
die die ART O O
Wälder Wald NN O O
besetzt besetzen VVPP O O
, , $, O O
denn denn KON O O
der die ART O O
Weisthannen <unknown> NN B-de_species O
sind sein VAFIN O O
wenig wenige PIS O O
, , $, O O
noch noch ADV O O
weniger wenige PIAT O O
Zirmen <unknown> NN B-de_species O
und und KON O O
vieleicht <unknown> ADJA O O
keine keine PIAT O O
Fohren <unknown> NN B-de_species O
und und KON O O
Lerchen Lerche NN B-de_species O
. . $. O O

In in APPR O O
ganz ganz ADV O O
Nordzürich <unknown> NN O O
heissen heißen VVFIN O O
die die ART O O
männlichen männlich ADJA O O
Hanfpflanzen Hanfpflanze NN O O
Fimel <unknown> NN B-de_species O
, , $, O O
die die ART O O
weiblichen weiblich ADJA O O
Mäsche <unknown> NN B-de_species O
, , $, O O
auch auch ADV O O
Möisch <unknown> NN O O
. . $. O O

Chelidonium <unknown> NN B-lat_species B-lat_species
majus <unknown> ADJA I-lat_species I-lat_species
L. L. NE I-lat_species O
, , $, O O
Schöllkraut <unknown> NN B-de_species O
. . $. O O
Schellchruut <unknown> NE B-de_species O
: : $. O O
Rf <unknown> NN O O
, , $, O O
Amt Amt NN O O
, , $, O O
Ho Ho NE O O
. . $. O O
Scholechruut <unknown> NE B-de_species B-de_species
: : $. O O
Gossau <unknown> NE O O
. . $. O O
Tüüfelsmilch <unknown> NN O B-de_species
: : $. O O
Buchenegg <unknown> NE O O
, , $, O O
Gossau <unknown> NE O O
. . $. O O
Wolfsmilch Wolfsmilch NN B-de_species B-de_species
: : $. O O
Horgen <unknown> NN O O
. . $. O O
Wëërzechruut <unknown> NE B-de_species B-de_species
: : $. O O
Wald Wald NN O O
, , $, O O
Hedingen <unknown> NE O O
. . $. O O
