Die die ART O O
Stechwinde <unknown> NN B-de_species B-de_species
enthält enthalten VVFIN O O
0 @card@ CARD O O
- - $( O O
0 @card@ CARD O O
% % NN O O
Steroidsaponine <unknown> NN O O
, , $, O O
Phytosterine <unknown> NN O O
und und KON O O
Stärke Stärke NN O O
. . $. O O

Die die ART O O
Haupt-Inhaltsstoffe <unknown> NN O O
der die ART O O
Klettenwurzel <unknown> NN B-de_species B-de_species
sind sein VAFIN O O
Inulin <unknown> NN O O
, , $, O O
Schleime Schleim NN O B-de_species
, , $, O O
ätherisches ätherisch ADJA O O
Öl Öl NN O O
, , $, O O
Gerbstoffe Gerbstoff NN O O
, , $, O O
Bitterstoffe Bitterstoff NN O O
, , $, O O
Sitosterin <unknown> NN O O
sowie sowie KON O O
die die ART O O
erwähnten erwähnt ADJA O O
antibiotisch <unknown> NN O O
und und KON O O
fungizid <unknown> NN O O
wirkenden wirkend ADJA O O
Substanzen Substanz NN O O
. . $. O O

In in APPR O O
schattigen schattig ADJA O O
Bereichen Bereich NN O O
können können VMFIN O O
Sie Sie PPER O O
Lerchensporn Lerchensporn NN B-de_species B-de_species
( ( $( O O
Corydalis <unknown> NE B-lat_genus B-lat_genus
) ) $( O O
, , $, O O
Leinkraut <unknown> NN B-de_species B-de_species
( ( $( O O
Linaria <unknown> NE B-lat_genus B-lat_genus
) ) $( O O
, , $, O O
Tüpfelfarn <unknown> NN O B-de_species
, , $, O O
Waldsteinie <unknown> NN B-de_species B-de_species
, , $, O O
Zimbelkraut <unknown> NN B-de_species B-de_species
, , $, O O
Gänsekresse <unknown> NN B-de_species B-de_species
oder oder KON O O
Moos-Steinbrech <unknown> NN B-de_species B-de_species
pflanzen pflanzen VVFIN O O
. . $. O O

Stauden Staude NN O O
, , $, O O
Rosen Rose NN B-de_species B-de_species
und und KON O O
Gräser Gras NN B-de_species B-de_species
bringen bringen VVFIN O O
Farbe Farbe NN O O
. . $. O O

Ihr ihr PPOSAT O O
hochwertiges hochwertig ADJA O O
Holz Holz NN O O
wurde werden VAFIN O O
über über APPR O O
Jahrhunderte Jahrhundert NN O O
vor vor APPR O O
allem alle PIS O O
zum zu APPRART O O
Bogenbau <unknown> NN O O
genutzt nutzen VVPP O O
. . $. O O

Nicht nicht PTKNEG O O
nur nur ADV O O
in in APPR O O
der die ART O O
Küche Küche NN O O
, , $, O O
auch auch ADV O O
als als KOKOM O O
Heilkraut Heilkraut NN O O
findet finden VVFIN O O
es es PPER O O
Verwendung Verwendung NN O O
, , $, O O
zum zu APPRART O O
Beispiel Beispiel NN O O
in in APPR O O
Form Form NN O O
von von APPR O O
Tee Tee NN O O
. . $. O O

Die die ART O O
hiesigen hiesig ADJA O O
Nutzwälder Nutzwald NN O O
sind sein VAFIN O O
oft oft ADV O O
reine rein ADJA O O
Fichten-Monokulturen Fichten-Monokultur NN O O
. . $. O O

Kiefernadel- <unknown> TRUNC O O
und und KON O O
Fichtennadelöle <unknown> NN O O
kommen kommen VVFIN O O
bei bei APPR O O
Muskelschmerzen Muskelschmerz NN O O
aufgrund aufgrund APPR O O
ihrer ihr PPOSAT O O
ätherischen ätherisch ADJA O O
Öle Öl NN O O
, , $, O O
Pinen <unknown> NN O O
in in APPR O O
der die ART O O
Kiefer Kiefer NN B-de_species O
, , $, O O
zum zu APPRART O O
Einsatz Einsatz NN O O
. . $. O O

Eine eine ART O O
Löwenzahn-Kur <unknown> NN O O
kann können VMFIN O O
durch durch APPR O O
die die ART O O
Anregung Anregung NN O O
der die ART O O
Gallensaftsekretion <unknown> NN O O
auch auch ADV O O
der die ART O O
Bildung Bildung NN O O
oder oder KON O O
der die ART O O
Vergrösserung Vergrösserung NN O O
von von APPR O O
bereits bereits ADV O O
vorhandenen vorhanden ADJA O O
Gallensteinen Gallenstein NN O O
entgegen entgegen PTKVZ O O
wirken wirken VVINF O O
. . $. O O

Diese dies PDAT O O
ätherischen ätherisch ADJA O O
Öle Öl NN O O
besitzen besitzen VVFIN O O
eine eine ART O O
durchblutungssteigernde <unknown> ADJA O O
und und KON O O
schmerzlindernde schmerzlindernd ADJA O O
Wirkung Wirkung NN O O
auf auf APPR O O
der die ART O O
Haut Haut NN O O
. . $. O O

Alle alle PIAT O O
anderen andere PIS O O
enthalten enthalten VVFIN O O
das die ART O O
stark stark ADJD O O
giftige giftig ADJA O O
Alkaloid <unknown> NN O O
Taxin <unknown> NN O O
. . $. O O

Die die ART O O
Sorte Sorte NN O O
Lonicera <unknown> NE B-lat_species B-lat_species
x x NE I-lat_species I-lat_species
heckrottii <unknown> NE I-lat_species I-lat_species
gehört gehören VVFIN O O
zu zu APPR O O
den die ART O O
gartenwürdigsten <unknown> ADJA O O
Auslesen Auslese NN O O
. . $. O O

Das die ART O O
Alpenglöckchen <unknown> NN B-de_species B-de_species
blüht blühen VVFIN O O
teilweise teilweise ADV O O
schon schon ADV O O
unter unter APPR O O
der die ART O O
Schneedecke Schneedecke NN O O
und und KON O O
oft oft ADV O O
sieht sehen VVFIN O O
man man PIS O O
die die ART O O
zarten zart ADJA O O
Pflänzchen Pflänzchen NN O O
in in APPR O O
Gruppen Gruppe NN O O
, , $, O O
als als KOKOM O O
ob ob KOUS O O
sie sie PPER O O
auf auf APPR O O
dem die ART O O
Schnee Schnee NN O O
wachsen wachsen VVFIN O O
. . $. O O

Ungünstig ungünstig ADJD O O
ist sein VAFIN O O
es es PPER O O
, , $, O O
wenn wenn KOUS O O
sich sich PRF O O
eine eine ART O O
Klette Klette NN B-de_species B-de_species
im in APPRART O O
langen lang ADJA O O
Haar Haar NN O O
verfängt verfangen VVFIN O O
, , $, O O
da da KOUS O O
ihre ihr PPOSAT O O
Entfernung Entfernung NN O O
dann dann ADV O O
wirklich wirklich ADJD O O
langwierig langwierig ADJD O O
werden werden VAINF O O
kann können VMFIN O O
. . $. O O

Die die ART O O
Wiesen Wiese NN O O
werden werden VAFIN O O
von von APPR O O
Storchschnabel <unknown> NN B-de_species B-de_species
und und KON O O
Glockenblumen Glockenblume NN B-de_species B-de_species
bevölkert bevölkern VVPP O O
. . $. O O

Er er PPER O O
bevorzugt bevorzugt ADJD O O
kalkhaltigen kalkhaltig ADJA O O
und und KON O O
humusreichen <unknown> ADJA O O
Boden Boden NN O O
. . $. O O

Durch durch APPR O O
ihren ihr PPOSAT O O
dichten dicht ADJA O O
Wuchs Wuchs NN O O
ist sein VAFIN O O
sie sie PPER O O
optisch optisch ADJD O O
ein eine ART O O
mehr mehr PIS O O
als als KOKOM O O
passender passend ADJA O O
Ersatz Ersatz NN O O
. . $. O O

Die die ART O O
Kartoffeln Kartoffel NN B-de_species B-de_species
entziehen entziehen VVFIN O O
dem die ART O O
Boden Boden NN O O
überschüssige überschüssig ADJA O O
Nährstoffe Nährstoff NN O O
, , $, O O
lockern lockern VVFIN O O
diesen diese PDS O O
auf auf PTKVZ O O
und und KON O O
reduzieren reduzieren VVFIN O O
den die ART O O
Wuchs Wuchs NN O O
von von APPR O O
Unkräutern <unknown> NN O O
. . $. O O

Die die ART O O
hauptsächlichen hauptsächlich ADJA O O
Anwendungsgebiete Anwendungsgebiet NN O O
der die ART O O
Brennnessel <unknown> NN B-de_species B-de_species
sind sein VAFIN O O
die die ART O O
folgenden folgend ADJA O O
. . $. O O

Der die ART O O
Laub- Laub- TRUNC O O
und und KON O O
Mischwald Mischwald NN O O
weicht weichen VVFIN O O
den die ART O O
Nadelwäldern Nadelwald NN O O
. . $. O O

Sie Sie PPER O O
ist sein VAFIN O O
eine eine ART O O
wüchsige <unknown> ADJA O O
, , $, O O
bis bis KON O O
zu zu APPR O O
drei drei CARD O O
Meter Meter NN O O
grosse groß ADJA O O
Kletterrose Kletterrose NN O B-de_species
und und KON O O
blüht blühen VVFIN O O
den die ART O O
ganzen ganz ADJA O O
Sommer Sommer NN O O
über über PTKVZ O O
. . $. O O

Das die ART O O
strauchig <unknown> ADJD O O
wachsende wachsend ADJA O O
heimische heimisch ADJA O O
Gehölz Gehölz NN O O
kann können VMFIN O O
eine eine ART O O
Höhe Höhe NN O O
von von APPR O O
bis bis KON O O
zu zu APPR O O
sechs sechs CARD O O
Meter Meter NN O O
erreichen erreichen VVINF O O
und und KON O O
kommt kommen VVFIN O O
hauptsächlich hauptsächlich ADJD O O
in in APPR O O
Wäldern Wald NN O O
und und KON O O
an an APPR O O
Waldrändern Waldrand NN O O
mit mit APPR O O
feuchtem feucht ADJA O O
Lehmboden Lehmboden NN O O
vor vor PTKVZ O O
. . $. O O

Und und KON O O
auch auch ADV O O
Unkräuter Unkraut NN O O
wie wie KOKOM O O
Blacken <unknown> NN B-de_species B-de_species
, , $, O O
Disteln Distel NN B-de_species B-de_species
oder oder KON O O
Winden Wind|Winde|Winden NN B-de_species O
gibt geben VVFIN O O
es es PPER O O
nicht nicht PTKNEG O O
. . $. O O

Bei bei APPR O O
der die ART O O
Eibe Eibe NN B-de_species B-de_species
( ( $( O O
Taxus Taxus NN B-lat_species B-lat_species
baccata <unknown> NE I-lat_species I-lat_species
) ) $( O O
, , $, O O
die die PRELS O O
gerne gerne ADV O O
als als KOKOM O O
pflegeleichte pflegeleicht ADJA O O
, , $, O O
langsam langsam ADJD O O
wachsende wachsend ADJA O O
Heckenpflanze <unknown> NN O O
oder oder KON O O
als als KOKOM O O
Formschnittgehölz <unknown> NN O O
verwendet verwenden VVPP O O
wird werden VAFIN O O
, , $, O O
sind sein VAFIN O O
fast fast ADV O O
alle alle PIAT O O
Pflanzenteile Pflanzenteil NN O O
giftig giftig ADJD O O
. . $. O O

Das die ART O O
Gift Gift NN O O
der die ART O O
Herbstzeitlosen Herbstzeitlose NN O O
, , $, O O
das die PRELS O O
Colchicin <unknown> NE O O
, , $, O O
ähnelt ähneln VVFIN O O
dem die ART O O
Arsen Arsen NN O O
und und KON O O
wirkt wirken VVFIN O O
bereits bereits ADV O O
in in APPR O O
kleinen klein ADJA O O
Mengen Menge NN O O
tödlich tödlich ADJD O O
. . $. O O

Das die ART O O
Maiglöckchen Maiglöckchen NN B-de_species B-de_species
kommt kommen VVFIN O O
zudem zudem ADV O O
natürlich natürlich ADV O O
in in APPR O O
ganz ganz ADV O O
Deutschland Deutschland NE O O
vor vor PTKVZ O O
und und KON O O
bevorzugt bevorzugen VVFIN O O
Laub- Laub- TRUNC O O
und und KON O O
Mischwälder Mischwald NN O O
. . $. O O

Deshalb deshalb PAV O O
bei bei APPR O O
der die ART O O
Arbeit Arbeit NN O O
mit mit APPR O O
Eisenhut Eisenhut NN B-de_species B-de_species
im in APPRART O O
Garten Garten NN O O
immer immer ADV O O
Handschuhe Handschuh NN O O
tragen tragen VVFIN O O
. . $. O O

Er er PPER O O
ruft rufen VVFIN O O
bei bei APPR O O
empfindlichen empfindlich ADJA O O
Menschen Mensch NN O O
Rötungen Rötung NN O O
, , $, O O
Schwellungen Schwellung NN O O
, , $, O O
Juckreiz Juckreiz NN O O
und und KON O O
im in APPRART O O
schlimmsten schlimm ADJA O O
Fall Fall NN O O
sogar sogar ADV O O
Verätzungen Verätzung NN O O
der die ART O O
Haut Haut NN O O
hervor hervor PTKVZ O O
. . $. O O

In in APPR O O
der die ART O O
Schneestufe <unknown> NN O B-de_species
wachsen wachsen VVFIN O O
noch noch ADV O O
Pflanzen Pflanze|Pflanzen NN O O
wie wie KOKOM O O
die die ART O O
geschützte <unknown> ADJA O O
und und KON O O
relativ relativ ADJD O O
seltene selten ADJA O O
Alpenaster <unknown> NN B-de_species O
, , $, O O
die die ART O O
Gletschernelke <unknown> NN B-de_species B-de_species
oder oder KON O O
der die ART O O
Gletscherhahnenfuß <unknown> NN B-de_species B-de_species
. . $. O O

Der die ART O O
Eisenhut Eisenhut NN B-de_species B-de_species
kommt kommen VVFIN O O
vor vor APPR O O
allem alle PIS O O
in in APPR O O
bewaldeten bewaldet ADJA O O
Bergregionen Bergregion NN O O
, , $, O O
Feuchtwiesen Feuchtwiese NN O O
und und KON O O
Bachufern <unknown> NN O O
vor vor PTKVZ O O
. . $. O O

Allerdings allerdings ADV O O
ist sein VAFIN O O
nicht nicht PTKNEG O O
jede jede PIAT O O
Mischung Mischung NN O O
für für APPR O O
jeden jede PIAT O O
Boden Boden NN O O
und und KON O O
Standort Standort NN O O
geeignet eignen VVPP O O
. . $. O O

Zauberstrauchblätter <unknown> NN B-de_species O
und und KON O O
-rinde <unknown> NN O B-de_species
( ( $( O O
Hamamelis <unknown> NE B-lat_genus B-lat_genus
) ) $( O O
: : $. O O
Kann können VMFIN O O
bei bei APPR O O
entzündeten entzündet ADJA O O
, , $, O O
nässenden nässend ADJA O O
Wunden Wunde NN O O
hilfreich hilfreich ADJD O O
sein sein VAINF O O
. . $. O O

Beliebt belieben VVFIN O O
bei bei APPR O O
unserer unser PPOSAT O O
Community <unknown> NN O O
ist sein VAFIN O O
auch auch ADV O O
die die ART O O
Pfefferminze Pfefferminze NN B-de_species B-de_species
, , $, O O
deren die PRELAT O O
Menthol Menthol NN O O
eine eine ART O O
angenehm angenehm ADJD O O
kühlende kühlend ADJA O O
Wirkung Wirkung NN O O
hat haben VAFIN O O
und und KON O O
die die ART O O
daher daher PAV O O
in in APPR O O
arabischen arabisch ADJA O O
Ländern Land NN O O
bevorzugt bevorzugt ADJD O O
als als KOKOM O O
Tee Tee NN O O
getrunken trinken VVPP O O
wird werden VAFIN O O
. . $. O O

Auch auch ADV O O
eine eine ART O O
dichte dicht ADJA O O
Behaarung Behaarung NN O O
- - $( O O
beispielsweise beispielsweise ADV O O
beim bei APPRART O O
Edelweiß Edelweiß NN B-de_species B-de_species
- - $( O O
schützt <unknown> VVFIN O O
vor vor APPR O O
dem die ART O O
Austrocknen Austrocknen NN O O
durch durch APPR O O
die die ART O O
Wirkung Wirkung NN O O
des die ART O O
intensiven intensiv ADJA O O
Windes Wind NN O O
. . $. O O

Für für APPR O O
die die ART O O
Jodversorgung Jodversorgung NN O O
gelegentlich gelegentlich ADJD O O
Algen Alge NN B-de_species O
, , $, O O
jodiertes <unknown> ADJA O O
Speisesalz Speisesalz NN O O
. . $. O O

An an APPR O O
den die ART O O
Trieb-Enden <unknown> NN O O
bildet bilden VVFIN O O
der die ART O O
Riesen-Bärenklau Riesen-Bärenklau NN B-de_species O
große groß ADJA O O
Doldenblüten <unknown> NN O O
von von APPR O O
00 @card@ CARD O O
bis bis KON O O
00 @card@ CARD O O
Zentimeter Zentimeter NN O O
im in APPRART O O
Durchmesser Durchmesser NN O O
und und KON O O
die die ART O O
stark stark ADJD O O
gezahnten gezahnt ADJA O O
drei- drei- TRUNC O O
und und KON O O
mehrteiligen <unknown> ADJA O O
Blätter Blatt NN O O
erreichen erreichen VVFIN O O
eine eine ART O O
Größe Größe NN O O
von von APPR O O
bis bis KON O O
zu zu APPR O O
einem eine ART O O
Meter Meter NN O O
. . $. O O

Das die ART O O
Gefährliche Gefährliche NN O O
an an APPR O O
ihm er PPER O O
sind sein VAFIN O O
die die ART O O
im in APPRART O O
Pflanzensaft Pflanzensaft NN O O
vorhandenen vorhanden ADJA O O
Fucomarine <unknown> NN O O
, , $, O O
die die PRELS O O
in in APPR O O
Verbindung Verbindung NN O O
mit mit APPR O O
Sonnenlicht Sonnenlicht NN O O
phototoxisch <unknown> ADJD O O
wirken wirken VVFIN O O
; ; $. O O
die die ART O O
Symptome Symptom NN O O
gleichen gleich ADJA O O
schweren schwer ADJA O O
Verbrennungen Verbrennung NN O O
mit mit APPR O O
starker stark ADJA O O
Rötung Rötung NN O O
und und KON O O
Blasenbildung <unknown> NN O O
und und KON O O
müssen müssen VMFIN O O
ärztlich ärztlich ADJD O O
behandelt behandeln VVPP O O
werden werden VAINF O O
. . $. O O

Das die ART O O
Kraut Kraut NN O O
des die ART O O
Echinacea <unknown> NE B-lat_species B-lat_species
purpurea <unknown> NE I-lat_species I-lat_species
wird werden VAFIN O O
heute heute ADV O O
wegen wegen APPR O O
seiner sein PPOSAT O O
immunstimulierenden <unknown> ADJA O O
Wirkung Wirkung NN O O
, , $, O O
die die PRELS O O
durch durch APPR O O
Alkamide <unknown> NN O O
vermittelt vermitteln VVPP O O
wird werden VAFIN O O
, , $, O O
bei bei APPR O O
Erkältungskrankheiten Erkältungskrankheit NN O O
und und KON O O
in in APPR O O
der die ART O O
Wundbehandlung Wundbehandlung NN O O
empfohlen empfehlen VVPP O O
. . $. O O

Im in APPRART O O
Freiland Freiland NN O O
schützt <unknown> VVFIN O O
man man PIS O O
die die ART O O
jungen jung ADJA O O
Rosetten Rosette NN O O
mit mit APPR O O
Vlies Vlies NN O O
. . $. O O

Auch auch ADV O O
die die ART O O
Chrysantheme Chrysantheme NN B-de_species B-de_species
darf dürfen VMFIN O O
als als KOKOM O O
Zierpflanze Zierpflanze NN O O
in in APPR O O
keinem keine PIAT O O
Garten Garten NN O O
fehlen fehlen VVINF O O
. . $. O O

Doch doch KON O O
ihre ihr PPOSAT O O
zahlreichen zahlreich ADJA O O
Gesundheitswirkungen <unknown> NN O O
heben heben VVFIN O O
diese dies PDAT O O
Pflanze Pflanze NN O O
immer immer ADV O O
mehr mehr ADV O O
aus aus APPR O O
ihrem ihr PPOSAT O O
Schattendasein Schattendasein NN O O
heraus heraus PTKVZ O O
. . $. O O

Fetthennen <unknown> NN O O
werden werden VAINF O O
als als KOKOM O O
Stauden Staude NN O O
gerne gerne ADV O O
als als KOKOM O O
Umrandung Umrandung NN O O
von von APPR O O
Beeträndern <unknown> NN O O
verwendet verwenden VVPP O O
. . $. O O

Eisenreiche <unknown> NN O O
Lebensmittel Lebensmittel NN O O
wie wie KOKOM O O
grüne grün ADJA O O
Gemüse Gemüse NN O O
, , $, O O
Quinoa <unknown> NN B-de_species B-de_species
, , $, O O
Amarant Amarant NN B-de_species B-de_species
, , $, O O
Hirse Hirse NN B-de_species B-de_species
, , $, O O
Vollkornprodukte Vollkornprodukt NN O O
, , $, O O
Hülsenfrüchte Hülsenfrucht NN B-de_fam B-de_fam
, , $, O O
Nüsse Nuss NN O O
und und KON O O
Ölsamen Ölsame NN O O
immer immer ADV O O
mit mit APPR O O
Vitamin Vitamin NN O O
C C NN O O
, , $, O O
also also ADV O O
frischem frisch ADJA O O
Obst Obst NN O O
oder oder KON O O
Gemüse Gemüse NN O O
, , $, O O
kombinieren kombinieren VVFIN O O
. . $. O O

Sie Sie PPER O O
sind sein VAFIN O O
reich reich ADJD O O
an an APPR O O
Bitterstoffen Bitterstoff NN O O
( ( $( O O
Hauptwirkstoff Hauptwirkstoff NN O O
ist sein VAFIN O O
das die ART O O
Cynarin <unknown> NN O B-de_species
) ) $( O O
, , $, O O
Flavonoiden <unknown> NN O O
, , $, O O
Vitaminen Vitamin NN O O
, , $, O O
Mineralstoffen Mineralstoff NN O O
etc etc. ADV O O
. . $. O O

Findet finden VVFIN O O
man man PIS O O
die die ART O O
Blutbuche Blutbuche NN B-de_species B-de_species
in in APPR O O
den die ART O O
Alpen Alp NN O O
? ? $. O O
Ich ich PPER O O
möchte mögen VMFIN O O
mich ich PPER O O
nicht nicht PTKNEG O O
zum zu APPRART O O
Hansel Hansel NE O O
machen machen VVFIN O O
in in APPR O O
dem die ART O O
ich ich PPER O O
auf auf APPR O O
einer eine ART O O
halbe halb ADJA O O
Seite Seite NN O O
einer eine ART O O
Blutbuche Blutbuche NN B-de_species O
` ` $( O O
` ` $( O O
schriftstellerisch schriftstellerisch ADJD O O
' ' $( O O
' ' $( O O
huldige huldigen VVFIN O O
, , $, O O
nur nur ADV O O
damit damit KOUS O O
mir ich PPER O O
hinterher hinterher ADV O O
gesagt sagen VVPP O O
wird werden VAFIN O O
. . $. O O

Kresse Kresse NN B-de_species B-de_species
und und KON O O
Kerbel Kerbel NN B-de_species B-de_species
, , $, O O
Zitronenmelisse Zitronenmelisse NN B-de_species B-de_species
, , $, O O
Estragon Estragon NN B-de_species B-de_species
, , $, O O
Lavendel Lavendel NN B-de_species B-de_species
und und KON O O
Schnittlauch Schnittlauch NN B-de_species B-de_species
, , $, O O
aber aber KON O O
auch auch ADV O O
das die ART O O
beliebte beliebt ADJA O O
Basilikum Basilikum NN B-de_species B-de_species
liefern liefern VVFIN O O
hier hier ADV O O
zuverlässig zuverlässig ADJD O O
frische frisch ADJA O O
Blätter Blatt NN O O
. . $. O O

Im in APPRART O O
Winter Winter NN O O
bei bei APPR O O
Bedarf Bedarf NN O O
Vitamin-D-Supplemente <unknown> NN O O
einnehmen einnehmen VVFIN O O
. . $. O O

Auf auf APPR O O
kalkhaltigen kalkhaltig ADJA O O
Böden Boden NN O O
entstehen entstehen VVFIN O O
die die ART O O
Bergfettwiesen <unknown> NN O O
, , $, O O
die die PRELS O O
regelmäßig regelmäßig ADJD O O
gedüngt düngen VVPP O O
und und KON O O
gemäht mähen VVPP O O
werden werden VAFIN O O
. . $. O O

Der die ART O O
Berg-Ahorn <unknown> NN B-de_species B-de_species
ist sein VAFIN O O
ein eine ART O O
wichtiger wichtig ADJA O O
Bestandteil Bestandteil NN O O
des die ART O O
Bergmischwaldes <unknown> NN O O
. . $. O O

Wichtig wichtig ADJD O O
ist sein VAFIN O O
bei bei APPR O O
der die ART O O
Aussaat Aussaat NN O O
von von APPR O O
Basilikum Basilikum NN B-de_species B-de_species
, , $, O O
die die ART O O
Samen Same NN O O
nicht nicht PTKNEG O O
mit mit APPR O O
Erde Erde NN O O
abzudecken abdecken VVIZU O O
. . $. O O

Zwischen zwischen APPR O O
0000 @card@ CARD O O
und und KON O O
0000 @card@ CARD O O
Meter Meter NN O O
wachsen wachsen VVFIN O O
die die ART O O
letzten letzt ADJA O O
Fichten Fichte NN B-de_species O
und und KON O O
werden werden VAFIN O O
allmählich allmählich ADJD O O
von von APPR O O
Latschenkiefern <unknown> NN B-de_species B-de_species
abgelöst ablösen VVPP O O
. . $. O O

Genau Genau ADV O O
dies dies PDS O O
ist sein VAFIN O O
auch auch ADV O O
einer eine PIS O O
der die ART O O
Punkte Punkt NN O O
, , $, O O
die die PRELS O O
den die ART O O
Seidelbast Seidelbast NN B-de_species B-de_species
für für APPR O O
Kinder Kind NN O O
gefährlich gefährlich ADJD O O
machen machen VVFIN O O
. . $. O O

Das die PDS O O
sind sein VAFIN O O
die die ART O O
Hauptwirkungen <unknown> NN O O
der die ART O O
Pfefferminze Pfefferminze NN B-de_species B-de_species
. . $. O O

Das die ART O O
zierliche zierlich ADJA O O
Wimper-Perlgras <unknown> NN B-de_species B-de_species
( ( $( O O
Melica <unknown> NE B-lat_species B-lat_species
ciliata <unknown> NE I-lat_species I-lat_species
) ) $( O O
mit mit APPR O O
seinen sein PPOSAT O O
schmalen schmal ADJA O O
graugrünen graugrün ADJA O O
Blättern Blatt|Blättern NN O O
ist sein VAFIN O O
in in APPR O O
Europa Europa NE O O
, , $, O O
Nordafrika Nordafrika NE O O
und und KON O O
Südwest-Asien <unknown> NE O O
beheimatet beheimaten VVPP O O
. . $. O O

Weidevieh Weidevieh NN O O
macht machen VVFIN O O
wegen wegen APPR O O
des die ART O O
beissenden beissend ADJA O O
Geschmacks Geschmack NN O O
( ( $( O O
und und KON O O
des die ART O O
Giftes Gift NN O O
) ) $( O O
einen eine ART O O
Bogen Bogen NN O O
um um APPR O O
die die ART O O
Butterblume Butterblume NN B-de_species B-de_species
. . $. O O

Ihre ihr PPOSAT O O
Wirkstoffe Wirkstoff NN O O
sind sein VAFIN O O
insbesondere insbesondere ADV O O
ätherische ätherisch ADJA O O
Öle Öl NN O O
, , $, O O
Flavonoide <unknown> NN O O
und und KON O O
Gerbstoffe Gerbstoff NN O O
. . $. O O

Beim bei APPRART O O
Trocknen Trocknen NN O O
bauen bauen VVFIN O O
sich sich PRF O O
die die ART O O
Giftstoffe Giftstoff NN O O
ab ab PTKVZ O O
, , $, O O
sodass sodass KOUS O O
die die ART O O
Pflanzen Pflanze|Pflanzen NN O O
im in APPRART O O
Heu Heu NN O O
unschädlich unschädlich ADJD O O
sind sein VAFIN O O
. . $. O O

Ursprünglich ursprünglich ADJD O O
aus aus APPR O O
dem die ART O O
Süden Süden NN O O
Europas Europa NE O O
stammend stammend ADJD O O
wird werden VAFIN O O
der die ART O O
kleine klein ADJA O O
Baum Baum NN O O
aufgrund aufgrund APPR O O
seiner sein PPOSAT O O
dekorativen dekorativ ADJA O O
gelben gelb ADJA O O
Blütentrauben <unknown> NN O O
bereits bereits ADV O O
seit seit APPR O O
Jahrhunderten Jahrhundert NN O O
als als KOKOM O O
Zierpflanze Zierpflanze NN O O
kultiviert kultivieren VVPP O O
. . $. O O

Neben neben APPR O O
diesem dies PDAT O O
Klassiker Klassiker NN O O
gibt geben VVFIN O O
es es PPER O O
zahlreiche zahlreich ADJA O O
ein- ein- TRUNC O O
und und KON O O
mehrjährige mehrjährig ADJA O O
Sorten Sorte NN O O
mit mit APPR O O
unterschiedlichen unterschiedlich ADJA O O
Geschmacksnuancen Geschmacksnuance NN O O
, , $, O O
die die ART O O
Vielfalt Vielfalt NN O O
ist sein VAFIN O O
enorm enorm ADJD O O
. . $. O O

Offenbar Offenbar NN O O
kann können VMFIN O O
man man PIS O O
von von APPR O O
mehrjährigen mehrjährig ADJA O O
Pflanzen Pflanze|Pflanzen NN O O
aber aber ADV O O
nicht nicht PTKNEG O O
leben leben VVINF O O
. . $. O O

Die die ART O O
vor vor APPR O O
etwa etwa ADV O O
000 @card@ CARD O O
Jahren Jahr NN O O
aus aus APPR O O
dem die ART O O
Kaukasus Kaukasus NE O O
eingewanderte eingewandert ADJA O O
Pflanze Pflanze NN O O
, , $, O O
auch auch ADV O O
Herkulesstaude <unknown> NN B-de_species B-de_species
genannt nennen VVPP O O
, , $, O O
hat haben VAFIN O O
sich sich PRF O O
rasant rasant ADJD O O
und und KON O O
massenhaft massenhaft ADJD O O
ausgebreitet ausbreiten VVPP O O
. . $. O O

Drucktopf <unknown> NN O O
und und KON O O
Bohnen Bohne NN B-de_species B-de_species
passen passen VVFIN O O
zudem zudem ADV O O
ideal ideal ADJD O O
zusammen zusammen PTKVZ O O
, , $, O O
da da KOUS O O
man man PIS O O
Bohnen Bohne NN B-de_species B-de_species
– - $( O O
aber aber ADV O O
auch auch ADV O O
alle alle PIAT O O
anderen andere PIS O O
Hülsenfrüchte Hülsenfrucht NN B-de_fam B-de_fam
wunderbar wunderbar ADJD O O
im in APPRART O O
Drucktopf <unknown> NN O O
kochen kochen VVINF O O
kann können VMFIN O O
. . $. O O

Aufgrund aufgrund APPR O O
seiner sein PPOSAT O O
attraktiven attraktiv ADJA O O
Blütenstände Blütenstand NN O O
wird werden VAFIN O O
es es PPER O O
gerne gerne ADV O O
in in APPR O O
Frühlingsbeete <unknown> NN O O
gepflanzt pflanzen VVPP O O
. . $. O O

Hamamelis <unknown> NE B-lat_genus B-lat_genus
ist sein VAFIN O O
eine eine ART O O
Gerbstoffdroge <unknown> NN O O
mit mit APPR O O
einem eine ART O O
geringeren gering ADJA O O
Gehalt Gehalt NN O O
an an APPR O O
ätherischen ätherisch ADJA O O
Ölen Öl NN O O
. . $. O O

In in APPR O O
allen alle PIAT O O
Pflanzenteilen Pflanzenteil NN O O
und und KON O O
besonders besonders ADV O O
im in APPRART O O
Saft Saft NN O O
des die ART O O
Wurzelstocks <unknown> NN O O
ist sein VAFIN O O
das die ART O O
Krampfgift <unknown> NN O O
Cicutoxin <unknown> NN O O
enthalten enthalten VVPP O O
. . $. O O

Oberhalb <unknown> NN O O
der die ART O O
Grenze Grenze NN O O
für für APPR O O
die die ART O O
hohen hoch ADJA O O
Bäume Baum NN O O
wachsen wachsen VVFIN O O
die die ART O O
niedrigen niedrig ADJA O O
, , $, O O
robusten robust ADJA O O
Latschenkiefern <unknown> NN B-de_species B-de_species
. . $. O O

Allium <unknown> NN B-lat_species B-lat_species
ursinum <unknown> ADJA I-lat_species I-lat_species
– - $( O O
Bärlauch Bärlauch NN B-de_species B-de_species
( ( $( O O
schmeckt schmecken VVFIN O O
knoblauchartig <unknown> ADJD O O
) ) $( O O
. . $. O O

Sie Sie PPER O O
soll sollen VMFIN O O
– - $( O O
wohldosiert wohldosieren VVPP O O
– - $( O O
die die ART O O
Testosteron-Produktion <unknown> NN O O
anregen anregen VVINF O O
, , $, O O
dadurch dadurch PAV O O
die die ART O O
männliche männlich ADJA O O
Potenz Potenz NN O O
steigern steigern VVINF O O
und und KON O O
Muskelmasse Muskelmasse NN O O
aufbauen aufbauen VVINF O O
helfen helfen VVFIN O O
. . $. O O

Bei bei APPR O O
einem eine ART O O
Darmverschluss Darmverschluss NN O O
sollte sollen VMFIN O O
man man PIS O O
Flohsamen <unknown> NN O O
natürlich natürlich ADV O O
nicht nicht PTKNEG O O
einnehmen einnehmen VVINF O O
. . $. O O

Der die ART O O
stark stark ADJD O O
haut- haut- TRUNC O O
und und KON O O
schleimhautreizende <unknown> ADJA O O
, , $, O O
scharfe scharf ADJA O O
Giftstoff Giftstoff NN O O
Protoanemonin <unknown> NN O O
verursacht verursachen VVFIN O O
nach nach APPR O O
dem die ART O O
Verzehr Verzehr NN O O
von von APPR O O
Pflanzenteilen Pflanzenteil NN O O
Brennen Brennen NN O O
in in APPR O O
Mund Mund NN O O
und und KON O O
Hals Hals NN O O
, , $, O O
kolikartige <unknown> ADJA O O
Bauchschmerzen Bauchschmerz NN O O
, , $, O O
Durchfall Durchfall NN O O
und und KON O O
Krämpfe Krampf NN O O
. . $. O O

Wobei wobei PWAV O O
es es PPER O O
mir ich PPER O O
diese dies PDAT O O
schönen schön ADJA O O
rosafarbenen rosafarben ADJA O O
Mohnblumen Mohnblume NN B-de_species B-de_species
und und KON O O
die die ART O O
aus aus APPR O O
Ostafrika Ostafrika NE O O
stammenden stammend ADJA O O
Rachenlilien <unknown> NN B-de_species O
besonders besonders ADV O O
angetan antun VVPP O O
haben haben VAFIN O O
. . $. O O

Während <unknown> NN O O
der die ART O O
Sommermonate Sommermonat NN O O
täglich täglich ADJD O O
0 @card@ CARD O O
bis bis KON O O
00 @card@ CARD O O
Minuten Minute NN O O
, , $, O O
abhängig abhängig ADJD O O
vom von APPRART O O
Hauttyp Hauttyp NN O O
, , $, O O
in in APPR O O
der die ART O O
Sonne Sonne NN O O
einplanen einplanen VVFIN O O
. . $. O O

Hautreizend <unknown> NN O O
: : $. O O
Riesen-Bärenklau Riesen-Bärenklau NN B-de_species B-de_species
und und KON O O
Weinraute Weinraute NN B-de_species B-de_species
. . $. O O

Zwiebelbildende <unknown> NN O O
Gewächse Gewächs NN O O
sind sein VAFIN O O
jedoch jedoch ADV O O
gute gut ADJA O O
Nachbarn Nachbar NN O O
für für APPR O O
Karotten Karotte NN B-de_species B-de_species
oder oder KON O O
rote rot ADJA O O
Rüben Rübe NN B-de_species O
, , $, O O
da da KOUS O O
sie sie PPER O O
diese dies PDAT O O
vor vor APPR O O
Schädingen <unknown> NN O O
bewahren bewahren VVFIN O O
. . $. O O

Die die ART O O
Linde Linde NE B-de_species B-de_species
ist sein VAFIN O O
ein eine ART O O
großer groß ADJA O O
Laubbaum Laubbaum NN O O
, , $, O O
der die PRELS O O
sehr sehr ADV O O
alt alt ADJD O O
werden werden VAINF O O
kann können VMFIN O O
. . $. O O

Tomaten Tomate NN B-de_species B-de_species
sind sein VAFIN O O
nicht nicht PTKNEG O O
nur nur ADV O O
unglaublich unglaublich ADJD O O
lecker lecker ADJD O O
und und KON O O
sehen sehen VVFIN O O
wunderbar wunderbar ADJD O O
aus aus PTKVZ O O
, , $, O O
sie sie PPER O O
sind sein VAFIN O O
je je ADV O O
nach nach APPR O O
Sorte Sorte NN O O
leider leider ADV O O
auch auch ADV O O
etwas etwas ADV O O
anfällig anfällig ADJD O O
für für APPR O O
gewisse gewiss ADJA O O
Krankheiten Krankheit NN O O
. . $. O O

Auch auch ADV O O
wirkt wirken VVFIN O O
sie sie PPER O O
antioxidativ <unknown> ADJD O O
. . $. O O

Sie Sie PPER O O
gehören gehören VVFIN O O
zur zu APPRART O O
Familie Familie NN O O
der die ART O O
Malvengewächse <unknown> NN B-de_fam B-de_species
. . $. O O

Pinkfarbene <unknown> NN O O
Blüten Blüte NN O O
von von APPR O O
Garten-Chrysanthemen <unknown> NN B-de_species O
. . $. O O

Winterlinden Winterlinden NE O O
wachsen wachsen VVFIN O O
bis bis KON O O
in in APPR O O
etwa etwa ADV O O
0000 @card@ CARD O O
Meter Meter NN O O
Höhe Höhe NN O O
. . $. O O

Heute heute ADV O O
ist sein VAFIN O O
der die ART O O
Mönchspfeffer <unknown> NN B-de_species O
eine eine ART O O
von von APPR O O
zwei zwei CARD O O
Heilpflanzen Heilpflanze NN O O
, , $, O O
deren die PRELAT O O
Wirksamkeit Wirksamkeit NN O O
bei bei APPR O O
Menstruationsstörungen <unknown> NN O O
in in APPR O O
klinischen klinisch ADJA O O
Studien Studie|Studium NN O O
belegt belegen VVPP O O
werden werden VAINF O O
konnte können VMFIN O O
. . $. O O

Fetthennen <unknown> NN O O
blühen blühen VVFIN O O
in in APPR O O
der die ART O O
Regel Regel NN O O
in in APPR O O
gelber gelb ADJD O O
oder oder KON O O
rosa rosa ADJD O O
Farbe Farbe NN O O
, , $, O O
kommen kommen VVFIN O O
aber aber ADV O O
auch auch ADV O O
in in APPR O O
weißlicher weißlich ADJA O O
oder oder KON O O
rötlicher rötlich ADJA O O
Färbung Färbung NN O O
vor vor PTKVZ O O
. . $. O O

Wilde Wilde NE O B-de_species
Latschenkiefern <unknown> NN B-de_species I-de_species
sind sein VAFIN O O
geschützt schützen VVPP O O
, , $, O O
die die ART O O
Pflanzen Pflanze|Pflanzen NN O O
werden werden VAFIN O O
in in APPR O O
tiefer tief ADJD O O
gelegenen gelegen ADJA O O
Regionen Region NN O O
zur zu APPRART O O
Gewinnung Gewinnung NN O O
von von APPR O O
Latschenkiefernöl <unknown> NN O O
angebaut anbauen VVPP O O
. . $. O O

Sie Sie PPER O O
hat haben VAFIN O O
entzündungshemmende entzündungshemmend ADJA O O
und und KON O O
reinigende reinigend ADJA O O
Eigenschaften Eigenschaft NN O O
. . $. O O

Denn denn KON O O
Gemüsepflanzen Gemüsepflanze NN O O
lassen lassen VVFIN O O
sich sich PRF O O
wegen wegen APPR O O
ihrer ihr PPOSAT O O
Farben Farbe NN O O
und und KON O O
Formen Form NN O O
hervorragend hervorragend ADJD O O
mit mit APPR O O
Blumen Blume NN O O
kombinieren kombinieren VVINF O O
. . $. O O

Im in APPRART O O
Herbst Herbst NN O O
verwendet verwenden VVPP O O
man man PIS O O
es es PPER O O
in in APPR O O
Trockensträußen <unknown> NN O O
. . $. O O

Wer wer PWS O O
eher eher ADV O O
eine eine ART O O
Schmetterlingswiese Schmetterlingswiese NN O B-de_species
bevorzugt bevorzugen VVPP O O
, , $, O O
für für APPR O O
den die PRELS O O
eignen eignen VVFIN O O
sich sich PRF O O
Duftnessel <unknown> NN B-de_species B-de_species
, , $, O O
Skabiose <unknown> NN B-de_species B-de_species
, , $, O O
Ringelblume Ringelblume NN B-de_species B-de_species
und und KON O O
Dost <unknown> NN B-de_species B-de_species
. . $. O O

In in APPR O O
asiatischen asiatisch ADJA O O
Kulturen Kultur NN O O
, , $, O O
die die ART O O
Tofu Tofu NN O O
und und KON O O
Linsen Linse|Linsen NN B-de_species B-de_species
als als KOKOM O O
festen fest ADJA O O
Bestandteil Bestandteil NN O O
in in APPR O O
der die ART O O
täglichen täglich ADJA O O
Nahrung Nahrung NN O O
haben haben VAFIN O O
, , $, O O
leiden leiden VVFIN O O
Frauen Frau NN O O
wesentlich wesentlich ADJD O O
seltener selten ADJD O O
an an APPR O O
Wechseljahrsbeschwerden <unknown> NN O O
. . $. O O

Es es PPER O O
wurde werden VAFIN O O
darin darin PAV O O
nachgewiesen nachweisen VVPP O O
, , $, O O
dass dass KOUS O O
das die ART O O
schädliche schädlich ADJA O O
Potential Potential NN O O
von von APPR O O
Leber Leber NN O O
schädigenden schädigend ADJA O O
Stoffen Stoff NN O O
in in APPR O O
Anwesenheit Anwesenheit NN O O
der die ART O O
Mariendistel <unknown> NN B-de_species B-de_species
abgeschwächt abschwächen VVPP O O
oder oder KON O O
gar gar ADV O O
aufgehoben aufheben VVPP O O
werden werden VAINF O O
kann können VMFIN O O
. . $. O O

Allerdings allerdings ADV O O
findet finden VVFIN O O
er er PPER O O
sich sich PRF O O
auch auch ADV O O
wegen wegen APPR O O
seiner sein PPOSAT O O
schmückenden schmückend ADJA O O
Wirkung Wirkung NN O O
in in APPR O O
vielen viele PIAT O O
Ziergärten Ziergarten NN O O
. . $. O O

Die die ART O O
geschützte <unknown> ADJA O O
Pflanze Pflanze NN O O
mit mit APPR O O
den die ART O O
kugeligen kugelig ADJA O O
Blüten Blüte NN O O
mag mögen VMFIN O O
Feuchtwiesen Feuchtwiese NN O O
, , $, O O
Teich- Teich- TRUNC O O
und und KON O O
Bachränder <unknown> NN O O
und und KON O O
ist sein VAFIN O O
vor vor APPR O O
allem alle PIS O O
im in APPRART O O
Gebirge Gebirge NN O O
bis bis KON O O
auf auf APPR O O
Höhenlagen Höhenlage NN O O
von von APPR O O
0000 @card@ CARD O O
Meter Meter NN O O
anzutreffen antreffen VVIZU O O
. . $. O O

Heimisch <unknown> NN O O
bei bei APPR O O
uns wir PRF O O
und und KON O O
fast fast ADV O O
weltweit weltweit ADJD O O
ist sein VAFIN O O
der die ART O O
eher eher ADV O O
unscheinbare unscheinbar ADJA O O
Schwarze schwarz ADJA O B-de_species
Nachtschatten Nachtschatten NN B-de_species I-de_species
( ( $( O O
Solanum <unknown> NN B-lat_species B-lat_species
nigrum <unknown> NN I-lat_species I-lat_species
) ) $( O O
. . $. O O

Eine eine ART O O
Löwenzahn-Kur <unknown> NN O O
bietet bieten VVFIN O O
sich sich PRF O O
insbesondere insbesondere ADV O O
im in APPRART O O
Frühjahr Frühjahr NN O O
an an PTKVZ O O
. . $. O O

Zum zu APPRART O O
Beispiel Beispiel NN O O
das die ART O O
Edelweiss Edelweiß NN B-de_species B-de_species
ist sein VAFIN O O
erst erst ADV O O
nach nach APPR O O
der die ART O O
letzten letzt ADJA O O
Eiszeit Eiszeit NN O O
, , $, O O
wahrscheinlich wahrscheinlich ADJD O O
aus aus APPR O O
den die ART O O
Steppen Steppe|Steppen NN O O
Asiens Asien NE O O
, , $, O O
eingewandert einwandern VVPP O O
. . $. O O

Der die ART O O
Handel Handel NN O O
bietet bieten VVFIN O O
eine eine ART O O
Vielzahl Vielzahl NN O O
an an APPR O O
Saatmischungen <unknown> NN O O
zur zu APPRART O O
Gestaltung Gestaltung NN O O
einer eine ART O O
Blumenwiese Blumenwiese NN O O
an an PTKVZ O O
. . $. O O

Auch auch ADV O O
die die ART O O
hübsche hübsch ADJA O O
Trollblume Trollblume NN B-de_species B-de_species
( ( $( O O
Trollius <unknown> NE B-lat_species B-lat_species
europaeus <unknown> NE I-lat_species I-lat_species
) ) $( O O
, , $, O O
gehört gehören VVFIN O O
zur zu APPRART O O
Familie Familie NN O O
der die ART O O
Hahnenfussgewächse <unknown> NN B-de_fam B-de_species
( ( $( O O
Ranunculaceae <unknown> NE B-lat_fam B-lat_genus
) ) $( O O
, , $, O O
doch doch ADV O O
im in APPRART O O
Gegensatz Gegensatz NN O O
zu zu APPR O O
den die ART O O
genannten genannt ADJA O O
Hahnenfussarten <unknown> NN O O
ist sein VAFIN O O
sie sie PPER O O
nur nur ADV O O
schwach schwach ADJD O O
giftig giftig ADJD O O
. . $. O O

Zu zu APPR O O
den die ART O O
ältesten alt ADJA O O
Zierpflanzen Zierpflanze NN O O
zählen zählen VVFIN O O
Blumen Blume NN O O
wie wie KOKOM O O
die die ART O O
Chrysanthemen Chrysantheme NN B-de_species B-de_species
( ( $( O O
Chrysanthemum <unknown> NE B-lat_genus B-lat_genus
) ) $( O O
, , $, O O
Lilien Lilie NN B-de_species B-de_species
( ( $( O O
Lilium <unknown> NE B-lat_genus B-lat_genus
) ) $( O O
, , $, O O
Lobelien <unknown> NE B-de_species B-de_species
( ( $( O O
Lobelia <unknown> NE B-lat_genus B-lat_genus
) ) $( O O
, , $, O O
Oleander Oleander NN B-de_species B-de_species
( ( $( O O
Nerium <unknown> NE B-lat_species B-lat_species
oleander <unknown> NE I-lat_species I-lat_species
) ) $( O O
und und KON O O
natürlich natürlich ADV O O
Rosen Rose NN B-de_species B-de_species
( ( $( O O
Rosa Rosa NE B-lat_genus B-lat_genus
) ) $( O O
. . $. O O

Daneben <unknown> NN O O
verwendet verwenden VVFIN O O
man man PIS O O
die die ART O O
Blätter Blatt NN O O
auch auch ADV O O
bei bei APPR O O
Husten Husten NN O O
und und KON O O
bei bei APPR O O
chronischen chronisch ADJA O O
Durchfällen Durchfall NN O O
. . $. O O

Es es PPER O O
sind sein VAFIN O O
nämlich nämlich ADV O O
nicht nicht PTKNEG O O
nur nur ADV O O
ihre ihr PPOSAT O O
Früchte Frucht NN O O
, , $, O O
die die ART O O
klebende klebend ADJA O O
oder oder KON O O
bindende bindend ADJA O O
Fähigkeiten Fähigkeit NN O O
haben haben VAFIN O O
. . $. O O

Ganz ganz ADV O O
allgemein allgemein ADJD O O
wirkt wirken VVFIN O O
der die ART O O
Löwenzahn Löwenzahn NN B-de_species B-de_species
stärkend stärkend ADJD O O
auf auf APPR O O
geschwächte geschwächt ADJA O O
Menschen Mensch NN O O
, , $, O O
da da KOUS O O
er er PPER O O
auch auch ADV O O
appetitanregend appetitanregend ADJD O O
und und KON O O
insgesamt insgesamt ADV O O
antriebssteigernd <unknown> ADJD O O
wirkt wirken VVFIN O O
. . $. O O

Seine sein PPOSAT O O
weissen weiß ADJA O O
Blüten Blüte NN O O
werden werden VAFIN O O
im in APPRART O O
Verlauf Verlauf NN O O
der die ART O O
Blütezeit Blütezeit NN O O
rosa rosa ADJD O O
bis bis KON O O
dunkelviolett dunkelviolett ADJD O O
. . $. O O

Die die ART O O
Toxine Toxin NN O O
werden werden VAFIN O O
auf auf APPR O O
diese dies PDAT O O
Weise Weise NN O O
rasch rasch ADJD O O
aus aus APPR O O
dem die ART O O
Körper Körper NN O O
ausgeschwemmt ausschwemmen VVPP O O
. . $. O O

In in APPR O O
der die ART O O
Zeit Zeit NN O O
von von APPR O O
Mai Mai NN O O
bis bis KON O O
Juni Juni NN O O
schmückt schmücken VVFIN O O
es es PPER O O
sich sich PRF O O
mit mit APPR O O
auffälligen auffällig ADJA O O
rahmweißen <unknown> ADJA O O
bis bis KON O O
blassgelben <unknown> ADJA O O
Blüten Blüte NN O O
. . $. O O

Vergiftungen Vergiftung NN O O
können können VMFIN O O
durch durch APPR O O
Verwechslung Verwechslung NN O O
mit mit APPR O O
anderen andere PIS O O
Doldengewächsen <unknown> NN B-de_fam O
, , $, O O
wie wie KOUS O O
dem die ART O O
sehr sehr ADV O O
ähnlichen ähnlich ADJA O O
Wiesen-Kerbel <unknown> NN B-de_species O
, , $, O O
der die ART O O
Petersilie Petersilie NN B-de_species B-de_species
oder oder KON O O
der die ART O O
wilden wild ADJA O O
Pastinake <unknown> NN B-de_species B-de_species
auftreten auftreten VVINF O O
. . $. O O

Am an APPRART O O
bekanntesten bekannt ADJA O O
ist sein VAFIN O O
das die ART O O
‘ <unknown> ADJA O O
Genoveser <unknown> ADJA O O
’ <unknown> ADJA O O
Basilikum Basilikum NN B-de_species B-de_species
, , $, O O
das die PRELS O O
auch auch ADV O O
in in APPR O O
fast fast ADV O O
jedem jede PIAT O O
Supermarkt Supermarkt NN O O
rund rund ADV O O
ums ums APPRART O O
Jahr Jahr NN O O
als als KOKOM O O
Topfpflanze Topfpflanze NN O O
angeboten anbieten VVPP O O
wird werden VAFIN O O
. . $. O O

Er er PPER O O
wird werden VAFIN O O
auch auch ADV O O
bei bei APPR O O
Bluthochdruck Bluthochdruck NN O O
, , $, O O
Husten Husten NN O O
, , $, O O
Verstopfung Verstopfung NN O O
und und KON O O
Problemen Problem NN O O
mit mit APPR O O
der die ART O O
Gallenblase Gallenblase NN O O
eingesetzt einsetzen VVPP O O
. . $. O O

Diese dies PDAT O O
schwarzen schwarz ADJA O O
, , $, O O
kleinen klein ADJA O O
Früchte Frucht NN O O
( ( $( O O
auch auch ADV O O
Keuschlammfrucht <unknown> NN O O
oder oder KON O O
Agnus Agnus NE O B-lat_species
castus <unknown> NN O I-lat_species
genannt nennen VVPP O O
) ) $( O O
haben haben VAFIN O O
schon schon ADV O O
Mönche Mönch NN O O
in in APPR O O
ihrem ihr PPOSAT O O
Klostergarten Klostergarten NN O O
geerntet ernten VVPP O O
– - $( O O
angeblich angeblich ADJD O O
um um APPR O O
die die ART O O
Libido Libido NN O O
zu zu PTKZU O O
senken senken VVINF O O
. . $. O O

Voraussetzung Voraussetzung NN O O
ist sein VAFIN O O
eine eine ART O O
ausreichende ausreichend ADJA O O
Feuchtigkeit Feuchtigkeit NN O O
und und KON O O
ein eine ART O O
lockerer locker ADJA O O
, , $, O O
mineralstoffreicher <unknown> ADJA O O
Boden Boden NN O O
. . $. O O

Johannisöl <unknown> NN O O
hat haben VAFIN O O
ebenfalls ebenfalls ADV O O
eine eine ART O O
rote rot ADJA O O
Farbe Farbe NN O O
. . $. O O

Die die ART O O
goldgelbe goldgelb ADJA O O
Blume Blume NN O O
klettert klettern VVFIN O O
bis bis KON O O
in in APPR O O
Höhen Höhe NN O O
von von APPR O O
etwa etwa ADV O O
0000 @card@ CARD O O
Meter Meter NN O O
. . $. O O

Manche manche PIS O O
Inhaltsstoffe Inhaltsstoff NN O O
finden finden VVFIN O O
sich sich PRF O O
in in APPR O O
verschiedenen verschieden ADJA O O
Pflanzen Pflanze|Pflanzen NN O O
wieder wieder ADV O O
, , $, O O
so so ADV O O
wie wie KOKOM O O
Campher <unknown> TRUNC B-de_species B-de_species
und und KON O O
Pinen <unknown> NN O O
auch auch ADV O O
im in APPRART O O
Rosmarinöl <unknown> NN O O
enthalten enthalten VVPP O O
sind sein VAFIN O O
, , $, O O
Cineol <unknown> NN O O
sowohl sowohl KON O O
im in APPRART O O
Eukalyptus <unknown> NN B-de_species O
und und KON O O
Rosmarin Rosmarin NN B-de_species B-de_species
. . $. O O

Als als KOKOM O O
einziger einzig ADJA O O
Baum Baum NN O O
kann können VMFIN O O
die die ART O O
platte platt ADJA O O
Latschenkiefer <unknown> NN B-de_species O
im in APPRART O O
Allgäu Allgäu NE O O
die die ART O O
höchsten hoch ADJA O O
Höhen Höhe NN O O
erreichen erreichen VVINF O O
. . $. O O

Bei bei APPR O O
gerodeten gerodet ADJA O O
Flächen Fläche NN O O
finden finden VVFIN O O
sich sich PRF O O
üppige üppig ADJA O O
Wiesen Wiese NN O O
und und KON O O
Matten Matte NN O O
. . $. O O

Für für APPR O O
einen eine ART O O
Baum Baum NN O O
ist sein VAFIN O O
sie sie PPER O O
mit mit APPR O O
durchschnittlich durchschnittlich ADJD O O
00 @card@ CARD O O
Meter Meter NN O O
Höhe Höhe NN O O
relativ relativ ADJD O O
klein klein ADJD O O
, , $, O O
der die ART O O
Stamm Stamm NN O O
ist sein VAFIN O O
schmal schmal ADJD O O
. . $. O O

Rund rund ADV O O
ums ums APPRART O O
Jahr Jahr NN O O
frisches frisch ADJA O O
Grün Grün NN O O
– - $( O O
das die PDS O O
bieten bieten VVFIN O O
immergrüne immergrün ADJA O O
, , $, O O
kugelförmig kugelförmig ADJD O O
wachsende wachsend ADJA O O
Gehölze Gehölz NN O B-de_species
. . $. O O

Am an APPRART O O
besten gut ADJA O O
wirkt wirken VVFIN O O
sie sie PPER O O
an an APPR O O
einem eine ART O O
rustikalen rustikal ADJA O O
Zaun Zaun NN O O
oder oder KON O O
einer eine ART O O
verwitterten verwittert ADJA O O
Holzwand Holzwand NN O O
, , $, O O
umgeben umgeben VVFIN O O
von von APPR O O
Stockrosen <unknown> NN O B-de_species
, , $, O O
Holunderbüschen Holunderbusch NN O O
, , $, O O
Staudenphlox <unknown> NN B-de_species O
und und KON O O
anderen andere PIS O O
munteren munter ADJA O O
Partnern Partner NN O O
, , $, O O
wo wo PWAV O O
sie sie PPER O O
einen eine ART O O
bis bis APPR O O
spät spät ADJD O O
in in APPR O O
den die ART O O
Herbst Herbst NN O O
hinein hinein ADV O O
mit mit APPR O O
ihren ihr PPOSAT O O
Blüten Blüte NN O O
grüsst grüßen VVFIN O O
. . $. O O

Mauerpflanzen <unknown> NN O O
für für APPR O O
Sonne Sonne NN O O
und und KON O O
Schatten Schatten NN O O
. . $. O O

Vorsichtiger Vorsichtige NN O O
sollten sollen VMFIN O O
Sie Sie PPER O O
allerdings allerdings ADV O O
bei bei APPR O O
Arten Art NN O O
sein sein VAINF O O
, , $, O O
die die PRELS O O
sich sich PRF O O
leicht leicht ADJD O O
aussäen aussäen VVFIN O O
, , $, O O
wie wie KOUS O O
etwa etwa ADV O O
der die ART O O
Stechapfel Stechapfel NN B-de_species B-de_species
( ( $( O O
Datura <unknown> NN B-lat_genus B-lat_genus
) ) $( O O
. . $. O O

An an APPR O O
Berghängen Berghängen NN O O
und und KON O O
in in APPR O O
Schluchten Schlucht NN O O
hat haben VAFIN O O
er er PPER O O
seine sein PPOSAT O O
natürliche natürlich ADJA O O
Heimat Heimat NN O O
, , $, O O
er er PPER O O
erreicht erreichen VVFIN O O
als als KOKOM O O
einziger einzig ADJA O O
großer groß ADJA O O
Laubbaum Laubbaum NN O O
die die ART O O
Baumgrenze Baumgrenze NN O O
. . $. O O

In in APPR O O
Verbindung Verbindung NN O O
mit mit APPR O O
der die ART O O
Einnahme Einnahme NN O O
von von APPR O O
Flohsamenschalen <unknown> NN O O
ist sein VAFIN O O
eine eine ART O O
ausreichende ausreichend ADJA O O
Trinkmenge <unknown> NN O O
von von APPR O O
circa circa ADV O O
0,0 @card@ CARD O O
Liter Liter NN O O
stillem still ADJA O O
Wasser Wasser NN O O
pro pro APPR O O
Tag Tag NN O O
enorm enorm ADJD O O
wichtig wichtig ADJD O O
, , $, O O
da da KOUS O O
es es PPER O O
sonst sonst ADV O O
leicht leicht ADJD O O
zur zu APPRART O O
Verstopfung Verstopfung NN O O
kommen kommen VVINF O O
kann können VMFIN O O
. . $. O O

Bodendecker Bodendecker NE O O
: : $. O O
Gundelrebe <unknown> NE B-de_species B-de_species
, , $, O O
Kapuzinerkresse <unknown> NN B-de_species B-de_species
, , $, O O
Vogelmiere <unknown> NN B-de_species B-de_species
, , $, O O
Winterpostelein <unknown> NN B-de_species B-de_species
. . $. O O

Hibiscus <unknown> NE B-lat_genus B-lat_genus
– - $( O O
alle alle PIAT O O
Mitglieder Mitglied NN O O
der die ART O O
Malvenfamilie <unknown> NN O O
sind sein VAFIN O O
essbar essbar ADJD O O
, , $, O O
hier hier ADV O O
muss müssen VMFIN O O
man man PIS O O
sich sich PRF O O
einfach einfach ADJD O O
mal mal ADV O O
durch durch APPR O O
die die ART O O
Vorgärten Vorgarten NN O O
kosten kosten VVINF O O
. . $. O O

Statt statt APPR O O
hochgezüchteter hochgezüchtet ADJA O O
Edelrosen Edelrose NN B-de_species O
sind sein VAFIN O O
Wildrosen Wildrose NN B-de_species O
empfehlenswert empfehlenswert ADJD O O
. . $. O O

Die die ART O O
Gattung Gattung NN O O
Nachtschatten Nachtschatten NN B-de_species I-de_species
( ( $( O O
Solanum <unknown> NN B-lat_genus B-lat_genus
) ) $( O O
gehört gehören VVFIN O O
zur zu APPRART O O
grossen groß ADJA O O
Familie Familie NN O O
der die ART O O
Nachtschattengewächse Nachtschattengewächs NN B-de_fam B-de_fam
. . $. O O

Im in APPRART O O
Handel Handel NN O O
sind sein VAFIN O O
sie sie PPER O O
im in APPRART O O
Herbst Herbst NN O O
und und KON O O
Winter Winter NN O O
nämlich nämlich ADV O O
häufig häufig ADJD O O
schwer schwer ADJD O O
aufzutreiben auftreiben VVIZU O O
. . $. O O

Verwechslungsgefahr Verwechslungsgefahr NN O O
: : $. O O
Die die ART O O
Blätter Blatt NN O O
von von APPR O O
essbarem essbar ADJA O O
Bärlauch Bärlauch NN B-de_species B-de_species
und und KON O O
giftigem giftig ADJA O O
Maiglöckchen Maiglöckchen NN B-de_species B-de_species
sehen sehen VVFIN O O
sich sich PRF O O
sehr sehr ADV O O
ähnlich ähnlich ADJD O O
. . $. O O

Es es PPER O O
wächst wachsen VVFIN O O
relativ relativ ADJD O O
unscheinbar unscheinbar ADJD O O
auf auf APPR O O
heimischen heimisch ADJA O O
Wiesen Wiese NN O O
, , $, O O
geerntet ernten VVPP O O
wird werden VAFIN O O
das die ART O O
ganze ganz ADJA O O
Kraut Kraut NN O O
. . $. O O

Sie Sie PPER O O
fördern fördern VVFIN O O
den die ART O O
Gallefluss <unknown> NN O O
und und KON O O
schützen schützen VVFIN O O
die die ART O O
Leber Leber NN O O
und und KON O O
helfen helfen VVFIN O O
ihr ihr PPER O O
bei bei APPR O O
der die ART O O
Regeneration Regeneration NN O O
. . $. O O

Aufgrund aufgrund APPR O O
ihrer ihr PPOSAT O O
intensiven intensiv ADJA O O
Wirkung Wirkung NN O O
wird werden VAFIN O O
die die ART O O
Brennnessel <unknown> NN B-de_species B-de_species
auch auch ADV O O
in in APPR O O
der die ART O O
Homöopathie <unknown> NN O O
bei bei APPR O O
Hautauschlägen <unknown> NN O O
, , $, O O
leichten leicht ADJA O O
Verbrennungen Verbrennung NN O O
und und KON O O
Sonnenbrand Sonnenbrand NN O O
angewandt anwenden VVPP O O
. . $. O O

Beispielsweise Beispielsweise NN O O
wirkt wirken VVFIN O O
Spargel Spargel NN B-de_species B-de_species
der die ART O O
Tomatenwelke <unknown> NN O B-de_species
entgegen entgegen PTKVZ O O
. . $. O O

Pflanzung Pflanzung NN O O
frostharter <unknown> ADJA O O
Gartenkräuter <unknown> NN O O
. . $. O O

Andere andere PIAT O O
Pflanzen Pflanze|Pflanzen NN O O
schützen schützen VVFIN O O
sich sich PRF O O
durch durch APPR O O
Polsterbildung <unknown> NN O O
, , $, O O
beispielsweise beispielsweise ADV O O
die die ART O O
Gletschernelke <unknown> NN B-de_species B-de_species
oder oder KON O O
der die ART O O
Gletscher-Mannsschild <unknown> NN B-de_species B-de_species
. . $. O O

Als als KOKOM O O
Zweites Zweite NN O O
werden werden VAFIN O O
die die ART O O
grossen groß ADJA O O
Leitstauden <unknown> NN O O
( ( $( O O
Muskatellersalbei <unknown> NN B-de_species B-de_species
, , $, O O
Waldgeissbart <unknown> NN B-de_species O
, , $, O O
Königskerzen Königskerze NN B-de_species B-de_species
etc. etc. ADV O O
) ) $( O O
geplant planen VVPP O O
. . $. O O

Halten halten VVFIN O O
sich sich PRF O O
Kinder Kind NN O O
im in APPRART O O
Garten Garten NN O O
auf auf PTKVZ O O
, , $, O O
sollte sollen VMFIN O O
man man PIS O O
sie sie PPER O O
auf auf APPR O O
die die ART O O
Gefahr Gefahr NN O O
hinweisen hinweisen VVINF O O
. . $. O O

An an APPR O O
einer eine ART O O
nördlichen nördlich ADJA O O
Hauswand Hauswand NN O O
fühlt fühlen VVFIN O O
sich sich PRF O O
die die ART O O
Schneeflockenblume <unknown> NN B-de_species B-de_species
wohl wohl ADV O O
. . $. O O

Auch auch ADV O O
bei bei APPR O O
Katrin Katrin NE O O
wachsen wachsen VVFIN O O
sehr sehr ADV O O
viele viele PIAT O O
Kräuter Kraut NN O O
im in APPRART O O
Garten Garten NN O O
, , $, O O
aber aber KON O O
letztlich letztlich ADV O O
werden werden VAFIN O O
bei bei APPR O O
ihr ihr PPOSAT O O
in in APPR O O
der die ART O O
Küche Küche NN O O
Schnittlauch Schnittlauch NN B-de_species B-de_species
und und KON O O
Petersilie Petersilie NN B-de_species B-de_species
am an APPRART O O
meisten meiste PIS O O
genutzt nutzen VVPP O O
. . $. O O

Lycium <unknown> NN B-lat_species B-lat_species
barbarum <unknown> ADJA I-lat_species I-lat_species
– - $( O O
Gemeiner gemein ADJA B-de_species B-de_species
Bocksdorn <unknown> NN I-de_species I-de_species
, , $, O O
Goji <unknown> ADJA B-de_species B-de_species
Beere Beere NN O O
, , $, O O
Wolfsbeere <unknown> NN B-de_species B-de_species
. . $. O O

Die die ART O O
Strauchflechten <unknown> NN B-de_species O
auf auf APPR O O
den die ART O O
Kiefernrinden <unknown> NN O O
sind sein VAFIN O O
übrigens übrigens ADV O O
ein eine ART O O
Zeichen Zeichen NN O O
dafür dafür PAV O O
, , $, O O
dass dass KOUS O O
die die ART O O
Luft Luft NN O O
hier hier ADV O O
besonders besonders ADV O O
sauber sauber ADJD O O
und und KON O O
gut gut ADJD O O
ist sein VAFIN O O
. . $. O O

Wer wer PWS O O
kennt kennen VVFIN O O
sie sie PPER O O
nicht nicht PTKNEG O O
, , $, O O
die die ART O O
Brennnessel <unknown> NN B-de_species B-de_species
, , $, O O
die die PRELS O O
sich sich PRF O O
überall überall ADV O O
am an APPRART O O
Wegesrand <unknown> NN O O
und und KON O O
auf auf APPR O O
den die ART O O
Wiesen Wiese NN O O
ausbreitet ausbreiten VVFIN O O
und und KON O O
allgemein allgemein ADJD O O
als als KOKOM O O
Unkraut Unkraut NN O O
angesehen ansehen VVPP O O
wird werden VAFIN O O
. . $. O O

Die die ART O O
Artischocke Artischocke NN B-de_species B-de_species
, , $, O O
die die PRELS O O
ursprünglich ursprünglich ADJD O O
aus aus APPR O O
dem die ART O O
Orient Orient NN O O
stammt stammen VVFIN O O
, , $, O O
ist sein VAFIN O O
eine eine ART O O
bis bis APPR O O
zu zu APPR O O
zwei zwei CARD O O
Meter Meter NN O O
hohe hoch ADJA O O
, , $, O O
distelartige <unknown> ADJA O O
Staude Staude NN O O
. . $. O O

Basilikum Basilikum NN B-de_species B-de_species
schützt <unknown> ADJA O O
Tomaten Tomate NN B-de_species B-de_species
sowohl sowohl KON O O
vor vor APPR O O
Mehltau Mehltau NN B-de_species B-de_species
als als KOKOM O O
auch auch ADV O O
vor vor APPR O O
der die ART O O
Weißen weiß ADJA O O
Fliege Fliege NN O B-de_species
. . $. O O

Aufgepasst <unknown> NN O O
! ! $. O O
Folgende folgend ADJA O O
Pflanzen Pflanze|Pflanzen NN O O
vertragen vertragen VVFIN O O
sich sich PRF O O
nicht nicht PTKNEG O O
mit mit APPR O O
deinen dein PPOSAT O O
Tomaten Tomate NN B-de_species B-de_species
: : $. O O
Blumenkohl Blumenkohl NN B-de_species B-de_species
, , $, O O
Erbsen Erbse NN B-de_species B-de_species
, , $, O O
Fenchel Fenchel NN B-de_species B-de_species
, , $, O O
Gurken Gurke NN B-de_species B-de_species
, , $, O O
Mais Mais NN B-de_species B-de_species
, , $, O O
Sellerie Sellerie NN B-de_species B-de_species
, , $, O O
Sonnenblumen Sonnenblume NN B-de_species B-de_species
und und KON O O
Randen <unknown> NN B-de_species O
. . $. O O

Fetthennen <unknown> NN O O
gehören gehören VVFIN O O
zu zu APPR O O
den die ART O O
Dickblattgewächsen <unknown> NN B-de_fam O
und und KON O O
sind sein VAFIN O O
krautige <unknown> ADJA O O
Pflanzen Pflanze|Pflanzen NN O O
, , $, O O
die die PRELS O O
auch auch ADV O O
als als KOKOM O O
Halbsträucher <unknown> NN O O
vorkommen vorkommen VVINF O O
und und KON O O
oft oft ADV O O
als als KOKOM O O
Mauerpfeffer Mauerpfeffer NN B-de_species B-de_species
bezeichnet bezeichnen VVPP O O
werden werden VAFIN O O
. . $. O O

Verwenden verwenden VVFIN O O
Sie Sie PPER O O
Anzuchterde <unknown> NN O O
oder oder KON O O
nährstoffarmes <unknown> ADJA O O
und und KON O O
sehr sehr ADV O O
gut gut ADJD O O
durchlässiges <unknown> ADJA O O
Substrat Substrat NN O O
, , $, O O
das die PRELS O O
gerne gerne ADV O O
noch noch ADV O O
zusätzlich zusätzlich ADJD O O
mit mit APPR O O
Sand Sand NN O O
vermischt vermischen VVPP O O
werden werden VAINF O O
kann können VMFIN O O
. . $. O O
